<?xml version="1.0" encoding="UTF-8"?>
<testsuite name="com.pcc.NOCApprovalFlowTest" tests="5" skipped="0" failures="5" errors="0" timestamp="2020-03-23T01:13:25" hostname="ULTS-LAP293" time="32.713">
  <properties/>
  <testcase name="transactionConstructedByFlowHasNoInputsAttachmentsOrTimewindows" classname="com.pcc.NOCApprovalFlowTest" time="22.432">
    <failure message="java.util.concurrent.ExecutionException: java.lang.NullPointerException" type="java.util.concurrent.ExecutionException">java.util.concurrent.ExecutionException: java.lang.NullPointerException
	at java.util.concurrent.CompletableFuture.reportGet(CompletableFuture.java:357)
	at java.util.concurrent.CompletableFuture.get(CompletableFuture.java:1895)
	at net.corda.core.internal.concurrent.CordaFutureImpl.get(CordaFutureImpl.kt)
	at com.pcc.NOCApprovalFlowTest.transactionConstructedByFlowHasNoInputsAttachmentsOrTimewindows(NOCApprovalFlowTest.java:134)
	at sun.reflect.NativeMethodAccessorImpl.invoke0(Native Method)
	at sun.reflect.NativeMethodAccessorImpl.invoke(NativeMethodAccessorImpl.java:62)
	at sun.reflect.DelegatingMethodAccessorImpl.invoke(DelegatingMethodAccessorImpl.java:43)
	at java.lang.reflect.Method.invoke(Method.java:498)
	at org.junit.runners.model.FrameworkMethod$1.runReflectiveCall(FrameworkMethod.java:50)
	at org.junit.internal.runners.model.ReflectiveCallable.run(ReflectiveCallable.java:12)
	at org.junit.runners.model.FrameworkMethod.invokeExplosively(FrameworkMethod.java:47)
	at org.junit.internal.runners.statements.InvokeMethod.evaluate(InvokeMethod.java:17)
	at org.junit.internal.runners.statements.RunBefores.evaluate(RunBefores.java:26)
	at org.junit.internal.runners.statements.RunAfters.evaluate(RunAfters.java:27)
	at org.junit.rules.ExpectedException$ExpectedExceptionStatement.evaluate(ExpectedException.java:239)
	at org.junit.rules.RunRules.evaluate(RunRules.java:20)
	at org.junit.runners.ParentRunner.runLeaf(ParentRunner.java:325)
	at org.junit.runners.BlockJUnit4ClassRunner.runChild(BlockJUnit4ClassRunner.java:78)
	at org.junit.runners.BlockJUnit4ClassRunner.runChild(BlockJUnit4ClassRunner.java:57)
	at org.junit.runners.ParentRunner$3.run(ParentRunner.java:290)
	at org.junit.runners.ParentRunner$1.schedule(ParentRunner.java:71)
	at org.junit.runners.ParentRunner.runChildren(ParentRunner.java:288)
	at org.junit.runners.ParentRunner.access$000(ParentRunner.java:58)
	at org.junit.runners.ParentRunner$2.evaluate(ParentRunner.java:268)
	at org.junit.runners.ParentRunner.run(ParentRunner.java:363)
	at org.gradle.api.internal.tasks.testing.junit.JUnitTestClassExecuter.runTestClass(JUnitTestClassExecuter.java:114)
	at org.gradle.api.internal.tasks.testing.junit.JUnitTestClassExecuter.execute(JUnitTestClassExecuter.java:57)
	at org.gradle.api.internal.tasks.testing.junit.JUnitTestClassProcessor.processTestClass(JUnitTestClassProcessor.java:66)
	at org.gradle.api.internal.tasks.testing.SuiteTestClassProcessor.processTestClass(SuiteTestClassProcessor.java:51)
	at sun.reflect.NativeMethodAccessorImpl.invoke0(Native Method)
	at sun.reflect.NativeMethodAccessorImpl.invoke(NativeMethodAccessorImpl.java:62)
	at sun.reflect.DelegatingMethodAccessorImpl.invoke(DelegatingMethodAccessorImpl.java:43)
	at java.lang.reflect.Method.invoke(Method.java:498)
	at org.gradle.internal.dispatch.ReflectionDispatch.dispatch(ReflectionDispatch.java:35)
	at org.gradle.internal.dispatch.ReflectionDispatch.dispatch(ReflectionDispatch.java:24)
	at org.gradle.internal.dispatch.ContextClassLoaderDispatch.dispatch(ContextClassLoaderDispatch.java:32)
	at org.gradle.internal.dispatch.ProxyDispatchAdapter$DispatchingInvocationHandler.invoke(ProxyDispatchAdapter.java:93)
	at com.sun.proxy.$Proxy1.processTestClass(Unknown Source)
	at org.gradle.api.internal.tasks.testing.worker.TestWorker.processTestClass(TestWorker.java:109)
	at sun.reflect.NativeMethodAccessorImpl.invoke0(Native Method)
	at sun.reflect.NativeMethodAccessorImpl.invoke(NativeMethodAccessorImpl.java:62)
	at sun.reflect.DelegatingMethodAccessorImpl.invoke(DelegatingMethodAccessorImpl.java:43)
	at java.lang.reflect.Method.invoke(Method.java:498)
	at org.gradle.internal.dispatch.ReflectionDispatch.dispatch(ReflectionDispatch.java:35)
	at org.gradle.internal.dispatch.ReflectionDispatch.dispatch(ReflectionDispatch.java:24)
	at org.gradle.internal.remote.internal.hub.MessageHubBackedObjectConnection$DispatchWrapper.dispatch(MessageHubBackedObjectConnection.java:146)
	at org.gradle.internal.remote.internal.hub.MessageHubBackedObjectConnection$DispatchWrapper.dispatch(MessageHubBackedObjectConnection.java:128)
	at org.gradle.internal.remote.internal.hub.MessageHub$Handler.run(MessageHub.java:404)
	at org.gradle.internal.concurrent.ExecutorPolicy$CatchAndRecordFailures.onExecute(ExecutorPolicy.java:63)
	at org.gradle.internal.concurrent.ManagedExecutorImpl$1.run(ManagedExecutorImpl.java:46)
	at java.util.concurrent.ThreadPoolExecutor.runWorker(ThreadPoolExecutor.java:1149)
	at java.util.concurrent.ThreadPoolExecutor$Worker.run(ThreadPoolExecutor.java:624)
	at org.gradle.internal.concurrent.ThreadFactoryImpl$ManagedThreadRunnable.run(ThreadFactoryImpl.java:55)
	at java.lang.Thread.run(Thread.java:748)
Caused by: java.lang.NullPointerException
	at com.pcc.flows.NOCApprovalFlow.call(NOCApprovalFlow.java:106)
	at com.pcc.flows.NOCApprovalFlow.call(NOCApprovalFlow.java:25)
	at net.corda.node.services.statemachine.FlowStateMachineImpl.run(FlowStateMachineImpl.kt:96)
	at net.corda.node.services.statemachine.FlowStateMachineImpl.run(FlowStateMachineImpl.kt:44)
	at co.paralleluniverse.fibers.Fiber.run1(Fiber.java:1092)
	at co.paralleluniverse.fibers.Fiber.exec(Fiber.java:788)
	at co.paralleluniverse.fibers.RunnableFiberTask.doExec(RunnableFiberTask.java:100)
	at co.paralleluniverse.fibers.RunnableFiberTask.run(RunnableFiberTask.java:91)
	at java.util.concurrent.Executors$RunnableAdapter.call(Executors.java:511)
	at java.util.concurrent.FutureTask.run(FutureTask.java:266)
	at java.util.concurrent.ScheduledThreadPoolExecutor$ScheduledFutureTask.access$201(ScheduledThreadPoolExecutor.java:180)
	at java.util.concurrent.ScheduledThreadPoolExecutor$ScheduledFutureTask.run(ScheduledThreadPoolExecutor.java:293)
	at java.util.concurrent.ThreadPoolExecutor.runWorker(ThreadPoolExecutor.java:1149)
	at java.util.concurrent.ThreadPoolExecutor$Worker.run(ThreadPoolExecutor.java:624)
	at net.corda.node.utilities.AffinityExecutor$ServiceAffinityExecutor$1$thread$1.run(AffinityExecutor.kt:62)
</failure>
  </testcase>
  <testcase name="transactionConstructedByFlowUsesTheCorrectNotary" classname="com.pcc.NOCApprovalFlowTest" time="3.03">
    <failure message="java.util.concurrent.ExecutionException: java.lang.NullPointerException" type="java.util.concurrent.ExecutionException">java.util.concurrent.ExecutionException: java.lang.NullPointerException
	at java.util.concurrent.CompletableFuture.reportGet(CompletableFuture.java:357)
	at java.util.concurrent.CompletableFuture.get(CompletableFuture.java:1895)
	at net.corda.core.internal.concurrent.CordaFutureImpl.get(CordaFutureImpl.kt)
	at com.pcc.NOCApprovalFlowTest.transactionConstructedByFlowUsesTheCorrectNotary(NOCApprovalFlowTest.java:62)
	at sun.reflect.NativeMethodAccessorImpl.invoke0(Native Method)
	at sun.reflect.NativeMethodAccessorImpl.invoke(NativeMethodAccessorImpl.java:62)
	at sun.reflect.DelegatingMethodAccessorImpl.invoke(DelegatingMethodAccessorImpl.java:43)
	at java.lang.reflect.Method.invoke(Method.java:498)
	at org.junit.runners.model.FrameworkMethod$1.runReflectiveCall(FrameworkMethod.java:50)
	at org.junit.internal.runners.model.ReflectiveCallable.run(ReflectiveCallable.java:12)
	at org.junit.runners.model.FrameworkMethod.invokeExplosively(FrameworkMethod.java:47)
	at org.junit.internal.runners.statements.InvokeMethod.evaluate(InvokeMethod.java:17)
	at org.junit.internal.runners.statements.RunBefores.evaluate(RunBefores.java:26)
	at org.junit.internal.runners.statements.RunAfters.evaluate(RunAfters.java:27)
	at org.junit.rules.ExpectedException$ExpectedExceptionStatement.evaluate(ExpectedException.java:239)
	at org.junit.rules.RunRules.evaluate(RunRules.java:20)
	at org.junit.runners.ParentRunner.runLeaf(ParentRunner.java:325)
	at org.junit.runners.BlockJUnit4ClassRunner.runChild(BlockJUnit4ClassRunner.java:78)
	at org.junit.runners.BlockJUnit4ClassRunner.runChild(BlockJUnit4ClassRunner.java:57)
	at org.junit.runners.ParentRunner$3.run(ParentRunner.java:290)
	at org.junit.runners.ParentRunner$1.schedule(ParentRunner.java:71)
	at org.junit.runners.ParentRunner.runChildren(ParentRunner.java:288)
	at org.junit.runners.ParentRunner.access$000(ParentRunner.java:58)
	at org.junit.runners.ParentRunner$2.evaluate(ParentRunner.java:268)
	at org.junit.runners.ParentRunner.run(ParentRunner.java:363)
	at org.gradle.api.internal.tasks.testing.junit.JUnitTestClassExecuter.runTestClass(JUnitTestClassExecuter.java:114)
	at org.gradle.api.internal.tasks.testing.junit.JUnitTestClassExecuter.execute(JUnitTestClassExecuter.java:57)
	at org.gradle.api.internal.tasks.testing.junit.JUnitTestClassProcessor.processTestClass(JUnitTestClassProcessor.java:66)
	at org.gradle.api.internal.tasks.testing.SuiteTestClassProcessor.processTestClass(SuiteTestClassProcessor.java:51)
	at sun.reflect.NativeMethodAccessorImpl.invoke0(Native Method)
	at sun.reflect.NativeMethodAccessorImpl.invoke(NativeMethodAccessorImpl.java:62)
	at sun.reflect.DelegatingMethodAccessorImpl.invoke(DelegatingMethodAccessorImpl.java:43)
	at java.lang.reflect.Method.invoke(Method.java:498)
	at org.gradle.internal.dispatch.ReflectionDispatch.dispatch(ReflectionDispatch.java:35)
	at org.gradle.internal.dispatch.ReflectionDispatch.dispatch(ReflectionDispatch.java:24)
	at org.gradle.internal.dispatch.ContextClassLoaderDispatch.dispatch(ContextClassLoaderDispatch.java:32)
	at org.gradle.internal.dispatch.ProxyDispatchAdapter$DispatchingInvocationHandler.invoke(ProxyDispatchAdapter.java:93)
	at com.sun.proxy.$Proxy1.processTestClass(Unknown Source)
	at org.gradle.api.internal.tasks.testing.worker.TestWorker.processTestClass(TestWorker.java:109)
	at sun.reflect.NativeMethodAccessorImpl.invoke0(Native Method)
	at sun.reflect.NativeMethodAccessorImpl.invoke(NativeMethodAccessorImpl.java:62)
	at sun.reflect.DelegatingMethodAccessorImpl.invoke(DelegatingMethodAccessorImpl.java:43)
	at java.lang.reflect.Method.invoke(Method.java:498)
	at org.gradle.internal.dispatch.ReflectionDispatch.dispatch(ReflectionDispatch.java:35)
	at org.gradle.internal.dispatch.ReflectionDispatch.dispatch(ReflectionDispatch.java:24)
	at org.gradle.internal.remote.internal.hub.MessageHubBackedObjectConnection$DispatchWrapper.dispatch(MessageHubBackedObjectConnection.java:146)
	at org.gradle.internal.remote.internal.hub.MessageHubBackedObjectConnection$DispatchWrapper.dispatch(MessageHubBackedObjectConnection.java:128)
	at org.gradle.internal.remote.internal.hub.MessageHub$Handler.run(MessageHub.java:404)
	at org.gradle.internal.concurrent.ExecutorPolicy$CatchAndRecordFailures.onExecute(ExecutorPolicy.java:63)
	at org.gradle.internal.concurrent.ManagedExecutorImpl$1.run(ManagedExecutorImpl.java:46)
	at java.util.concurrent.ThreadPoolExecutor.runWorker(ThreadPoolExecutor.java:1149)
	at java.util.concurrent.ThreadPoolExecutor$Worker.run(ThreadPoolExecutor.java:624)
	at org.gradle.internal.concurrent.ThreadFactoryImpl$ManagedThreadRunnable.run(ThreadFactoryImpl.java:55)
	at java.lang.Thread.run(Thread.java:748)
Caused by: java.lang.NullPointerException
	at com.pcc.flows.NOCApprovalFlow.call(NOCApprovalFlow.java:106)
	at com.pcc.flows.NOCApprovalFlow.call(NOCApprovalFlow.java:25)
	at net.corda.node.services.statemachine.FlowStateMachineImpl.run(FlowStateMachineImpl.kt:96)
	at net.corda.node.services.statemachine.FlowStateMachineImpl.run(FlowStateMachineImpl.kt:44)
	at co.paralleluniverse.fibers.Fiber.run1(Fiber.java:1092)
	at co.paralleluniverse.fibers.Fiber.exec(Fiber.java:788)
	at co.paralleluniverse.fibers.RunnableFiberTask.doExec(RunnableFiberTask.java:100)
	at co.paralleluniverse.fibers.RunnableFiberTask.run(RunnableFiberTask.java:91)
	at java.util.concurrent.Executors$RunnableAdapter.call(Executors.java:511)
	at java.util.concurrent.FutureTask.run(FutureTask.java:266)
	at java.util.concurrent.ScheduledThreadPoolExecutor$ScheduledFutureTask.access$201(ScheduledThreadPoolExecutor.java:180)
	at java.util.concurrent.ScheduledThreadPoolExecutor$ScheduledFutureTask.run(ScheduledThreadPoolExecutor.java:293)
	at java.util.concurrent.ThreadPoolExecutor.runWorker(ThreadPoolExecutor.java:1149)
	at java.util.concurrent.ThreadPoolExecutor$Worker.run(ThreadPoolExecutor.java:624)
	at net.corda.node.utilities.AffinityExecutor$ServiceAffinityExecutor$1$thread$1.run(AffinityExecutor.kt:62)
</failure>
  </testcase>
  <testcase name="transactionConstructedByFlowHasOneTokenStateOutputWithTheCorrectAmountAndRecipient" classname="com.pcc.NOCApprovalFlowTest" time="2.592">
    <failure message="java.util.concurrent.ExecutionException: java.lang.NullPointerException" type="java.util.concurrent.ExecutionException">java.util.concurrent.ExecutionException: java.lang.NullPointerException
	at java.util.concurrent.CompletableFuture.reportGet(CompletableFuture.java:357)
	at java.util.concurrent.CompletableFuture.get(CompletableFuture.java:1895)
	at net.corda.core.internal.concurrent.CordaFutureImpl.get(CordaFutureImpl.kt)
	at com.pcc.NOCApprovalFlowTest.transactionConstructedByFlowHasOneTokenStateOutputWithTheCorrectAmountAndRecipient(NOCApprovalFlowTest.java:78)
	at sun.reflect.NativeMethodAccessorImpl.invoke0(Native Method)
	at sun.reflect.NativeMethodAccessorImpl.invoke(NativeMethodAccessorImpl.java:62)
	at sun.reflect.DelegatingMethodAccessorImpl.invoke(DelegatingMethodAccessorImpl.java:43)
	at java.lang.reflect.Method.invoke(Method.java:498)
	at org.junit.runners.model.FrameworkMethod$1.runReflectiveCall(FrameworkMethod.java:50)
	at org.junit.internal.runners.model.ReflectiveCallable.run(ReflectiveCallable.java:12)
	at org.junit.runners.model.FrameworkMethod.invokeExplosively(FrameworkMethod.java:47)
	at org.junit.internal.runners.statements.InvokeMethod.evaluate(InvokeMethod.java:17)
	at org.junit.internal.runners.statements.RunBefores.evaluate(RunBefores.java:26)
	at org.junit.internal.runners.statements.RunAfters.evaluate(RunAfters.java:27)
	at org.junit.rules.ExpectedException$ExpectedExceptionStatement.evaluate(ExpectedException.java:239)
	at org.junit.rules.RunRules.evaluate(RunRules.java:20)
	at org.junit.runners.ParentRunner.runLeaf(ParentRunner.java:325)
	at org.junit.runners.BlockJUnit4ClassRunner.runChild(BlockJUnit4ClassRunner.java:78)
	at org.junit.runners.BlockJUnit4ClassRunner.runChild(BlockJUnit4ClassRunner.java:57)
	at org.junit.runners.ParentRunner$3.run(ParentRunner.java:290)
	at org.junit.runners.ParentRunner$1.schedule(ParentRunner.java:71)
	at org.junit.runners.ParentRunner.runChildren(ParentRunner.java:288)
	at org.junit.runners.ParentRunner.access$000(ParentRunner.java:58)
	at org.junit.runners.ParentRunner$2.evaluate(ParentRunner.java:268)
	at org.junit.runners.ParentRunner.run(ParentRunner.java:363)
	at org.gradle.api.internal.tasks.testing.junit.JUnitTestClassExecuter.runTestClass(JUnitTestClassExecuter.java:114)
	at org.gradle.api.internal.tasks.testing.junit.JUnitTestClassExecuter.execute(JUnitTestClassExecuter.java:57)
	at org.gradle.api.internal.tasks.testing.junit.JUnitTestClassProcessor.processTestClass(JUnitTestClassProcessor.java:66)
	at org.gradle.api.internal.tasks.testing.SuiteTestClassProcessor.processTestClass(SuiteTestClassProcessor.java:51)
	at sun.reflect.NativeMethodAccessorImpl.invoke0(Native Method)
	at sun.reflect.NativeMethodAccessorImpl.invoke(NativeMethodAccessorImpl.java:62)
	at sun.reflect.DelegatingMethodAccessorImpl.invoke(DelegatingMethodAccessorImpl.java:43)
	at java.lang.reflect.Method.invoke(Method.java:498)
	at org.gradle.internal.dispatch.ReflectionDispatch.dispatch(ReflectionDispatch.java:35)
	at org.gradle.internal.dispatch.ReflectionDispatch.dispatch(ReflectionDispatch.java:24)
	at org.gradle.internal.dispatch.ContextClassLoaderDispatch.dispatch(ContextClassLoaderDispatch.java:32)
	at org.gradle.internal.dispatch.ProxyDispatchAdapter$DispatchingInvocationHandler.invoke(ProxyDispatchAdapter.java:93)
	at com.sun.proxy.$Proxy1.processTestClass(Unknown Source)
	at org.gradle.api.internal.tasks.testing.worker.TestWorker.processTestClass(TestWorker.java:109)
	at sun.reflect.NativeMethodAccessorImpl.invoke0(Native Method)
	at sun.reflect.NativeMethodAccessorImpl.invoke(NativeMethodAccessorImpl.java:62)
	at sun.reflect.DelegatingMethodAccessorImpl.invoke(DelegatingMethodAccessorImpl.java:43)
	at java.lang.reflect.Method.invoke(Method.java:498)
	at org.gradle.internal.dispatch.ReflectionDispatch.dispatch(ReflectionDispatch.java:35)
	at org.gradle.internal.dispatch.ReflectionDispatch.dispatch(ReflectionDispatch.java:24)
	at org.gradle.internal.remote.internal.hub.MessageHubBackedObjectConnection$DispatchWrapper.dispatch(MessageHubBackedObjectConnection.java:146)
	at org.gradle.internal.remote.internal.hub.MessageHubBackedObjectConnection$DispatchWrapper.dispatch(MessageHubBackedObjectConnection.java:128)
	at org.gradle.internal.remote.internal.hub.MessageHub$Handler.run(MessageHub.java:404)
	at org.gradle.internal.concurrent.ExecutorPolicy$CatchAndRecordFailures.onExecute(ExecutorPolicy.java:63)
	at org.gradle.internal.concurrent.ManagedExecutorImpl$1.run(ManagedExecutorImpl.java:46)
	at java.util.concurrent.ThreadPoolExecutor.runWorker(ThreadPoolExecutor.java:1149)
	at java.util.concurrent.ThreadPoolExecutor$Worker.run(ThreadPoolExecutor.java:624)
	at org.gradle.internal.concurrent.ThreadFactoryImpl$ManagedThreadRunnable.run(ThreadFactoryImpl.java:55)
	at java.lang.Thread.run(Thread.java:748)
Caused by: java.lang.NullPointerException
	at com.pcc.flows.NOCApprovalFlow.call(NOCApprovalFlow.java:106)
	at com.pcc.flows.NOCApprovalFlow.call(NOCApprovalFlow.java:25)
	at net.corda.node.services.statemachine.FlowStateMachineImpl.run(FlowStateMachineImpl.kt:96)
	at net.corda.node.services.statemachine.FlowStateMachineImpl.run(FlowStateMachineImpl.kt:44)
	at co.paralleluniverse.fibers.Fiber.run1(Fiber.java:1092)
	at co.paralleluniverse.fibers.Fiber.exec(Fiber.java:788)
	at co.paralleluniverse.fibers.RunnableFiberTask.doExec(RunnableFiberTask.java:100)
	at co.paralleluniverse.fibers.RunnableFiberTask.run(RunnableFiberTask.java:91)
	at java.util.concurrent.Executors$RunnableAdapter.call(Executors.java:511)
	at java.util.concurrent.FutureTask.run(FutureTask.java:266)
	at java.util.concurrent.ScheduledThreadPoolExecutor$ScheduledFutureTask.access$201(ScheduledThreadPoolExecutor.java:180)
	at java.util.concurrent.ScheduledThreadPoolExecutor$ScheduledFutureTask.run(ScheduledThreadPoolExecutor.java:293)
	at java.util.concurrent.ThreadPoolExecutor.runWorker(ThreadPoolExecutor.java:1149)
	at java.util.concurrent.ThreadPoolExecutor$Worker.run(ThreadPoolExecutor.java:624)
	at net.corda.node.utilities.AffinityExecutor$ServiceAffinityExecutor$1$thread$1.run(AffinityExecutor.kt:62)
</failure>
  </testcase>
  <testcase name="transactionConstructedByFlowHasOneCommandWithTheIssueAsASigner" classname="com.pcc.NOCApprovalFlowTest" time="2.371">
    <failure message="java.util.concurrent.ExecutionException: java.lang.NullPointerException" type="java.util.concurrent.ExecutionException">java.util.concurrent.ExecutionException: java.lang.NullPointerException
	at java.util.concurrent.CompletableFuture.reportGet(CompletableFuture.java:357)
	at java.util.concurrent.CompletableFuture.get(CompletableFuture.java:1895)
	at net.corda.core.internal.concurrent.CordaFutureImpl.get(CordaFutureImpl.kt)
	at com.pcc.NOCApprovalFlowTest.transactionConstructedByFlowHasOneCommandWithTheIssueAsASigner(NOCApprovalFlowTest.java:120)
	at sun.reflect.NativeMethodAccessorImpl.invoke0(Native Method)
	at sun.reflect.NativeMethodAccessorImpl.invoke(NativeMethodAccessorImpl.java:62)
	at sun.reflect.DelegatingMethodAccessorImpl.invoke(DelegatingMethodAccessorImpl.java:43)
	at java.lang.reflect.Method.invoke(Method.java:498)
	at org.junit.runners.model.FrameworkMethod$1.runReflectiveCall(FrameworkMethod.java:50)
	at org.junit.internal.runners.model.ReflectiveCallable.run(ReflectiveCallable.java:12)
	at org.junit.runners.model.FrameworkMethod.invokeExplosively(FrameworkMethod.java:47)
	at org.junit.internal.runners.statements.InvokeMethod.evaluate(InvokeMethod.java:17)
	at org.junit.internal.runners.statements.RunBefores.evaluate(RunBefores.java:26)
	at org.junit.internal.runners.statements.RunAfters.evaluate(RunAfters.java:27)
	at org.junit.rules.ExpectedException$ExpectedExceptionStatement.evaluate(ExpectedException.java:239)
	at org.junit.rules.RunRules.evaluate(RunRules.java:20)
	at org.junit.runners.ParentRunner.runLeaf(ParentRunner.java:325)
	at org.junit.runners.BlockJUnit4ClassRunner.runChild(BlockJUnit4ClassRunner.java:78)
	at org.junit.runners.BlockJUnit4ClassRunner.runChild(BlockJUnit4ClassRunner.java:57)
	at org.junit.runners.ParentRunner$3.run(ParentRunner.java:290)
	at org.junit.runners.ParentRunner$1.schedule(ParentRunner.java:71)
	at org.junit.runners.ParentRunner.runChildren(ParentRunner.java:288)
	at org.junit.runners.ParentRunner.access$000(ParentRunner.java:58)
	at org.junit.runners.ParentRunner$2.evaluate(ParentRunner.java:268)
	at org.junit.runners.ParentRunner.run(ParentRunner.java:363)
	at org.gradle.api.internal.tasks.testing.junit.JUnitTestClassExecuter.runTestClass(JUnitTestClassExecuter.java:114)
	at org.gradle.api.internal.tasks.testing.junit.JUnitTestClassExecuter.execute(JUnitTestClassExecuter.java:57)
	at org.gradle.api.internal.tasks.testing.junit.JUnitTestClassProcessor.processTestClass(JUnitTestClassProcessor.java:66)
	at org.gradle.api.internal.tasks.testing.SuiteTestClassProcessor.processTestClass(SuiteTestClassProcessor.java:51)
	at sun.reflect.NativeMethodAccessorImpl.invoke0(Native Method)
	at sun.reflect.NativeMethodAccessorImpl.invoke(NativeMethodAccessorImpl.java:62)
	at sun.reflect.DelegatingMethodAccessorImpl.invoke(DelegatingMethodAccessorImpl.java:43)
	at java.lang.reflect.Method.invoke(Method.java:498)
	at org.gradle.internal.dispatch.ReflectionDispatch.dispatch(ReflectionDispatch.java:35)
	at org.gradle.internal.dispatch.ReflectionDispatch.dispatch(ReflectionDispatch.java:24)
	at org.gradle.internal.dispatch.ContextClassLoaderDispatch.dispatch(ContextClassLoaderDispatch.java:32)
	at org.gradle.internal.dispatch.ProxyDispatchAdapter$DispatchingInvocationHandler.invoke(ProxyDispatchAdapter.java:93)
	at com.sun.proxy.$Proxy1.processTestClass(Unknown Source)
	at org.gradle.api.internal.tasks.testing.worker.TestWorker.processTestClass(TestWorker.java:109)
	at sun.reflect.NativeMethodAccessorImpl.invoke0(Native Method)
	at sun.reflect.NativeMethodAccessorImpl.invoke(NativeMethodAccessorImpl.java:62)
	at sun.reflect.DelegatingMethodAccessorImpl.invoke(DelegatingMethodAccessorImpl.java:43)
	at java.lang.reflect.Method.invoke(Method.java:498)
	at org.gradle.internal.dispatch.ReflectionDispatch.dispatch(ReflectionDispatch.java:35)
	at org.gradle.internal.dispatch.ReflectionDispatch.dispatch(ReflectionDispatch.java:24)
	at org.gradle.internal.remote.internal.hub.MessageHubBackedObjectConnection$DispatchWrapper.dispatch(MessageHubBackedObjectConnection.java:146)
	at org.gradle.internal.remote.internal.hub.MessageHubBackedObjectConnection$DispatchWrapper.dispatch(MessageHubBackedObjectConnection.java:128)
	at org.gradle.internal.remote.internal.hub.MessageHub$Handler.run(MessageHub.java:404)
	at org.gradle.internal.concurrent.ExecutorPolicy$CatchAndRecordFailures.onExecute(ExecutorPolicy.java:63)
	at org.gradle.internal.concurrent.ManagedExecutorImpl$1.run(ManagedExecutorImpl.java:46)
	at java.util.concurrent.ThreadPoolExecutor.runWorker(ThreadPoolExecutor.java:1149)
	at java.util.concurrent.ThreadPoolExecutor$Worker.run(ThreadPoolExecutor.java:624)
	at org.gradle.internal.concurrent.ThreadFactoryImpl$ManagedThreadRunnable.run(ThreadFactoryImpl.java:55)
	at java.lang.Thread.run(Thread.java:748)
Caused by: java.lang.NullPointerException
	at com.pcc.flows.NOCApprovalFlow.call(NOCApprovalFlow.java:106)
	at com.pcc.flows.NOCApprovalFlow.call(NOCApprovalFlow.java:25)
	at net.corda.node.services.statemachine.FlowStateMachineImpl.run(FlowStateMachineImpl.kt:96)
	at net.corda.node.services.statemachine.FlowStateMachineImpl.run(FlowStateMachineImpl.kt:44)
	at co.paralleluniverse.fibers.Fiber.run1(Fiber.java:1092)
	at co.paralleluniverse.fibers.Fiber.exec(Fiber.java:788)
	at co.paralleluniverse.fibers.RunnableFiberTask.doExec(RunnableFiberTask.java:100)
	at co.paralleluniverse.fibers.RunnableFiberTask.run(RunnableFiberTask.java:91)
	at java.util.concurrent.Executors$RunnableAdapter.call(Executors.java:511)
	at java.util.concurrent.FutureTask.run(FutureTask.java:266)
	at java.util.concurrent.ScheduledThreadPoolExecutor$ScheduledFutureTask.access$201(ScheduledThreadPoolExecutor.java:180)
	at java.util.concurrent.ScheduledThreadPoolExecutor$ScheduledFutureTask.run(ScheduledThreadPoolExecutor.java:293)
	at java.util.concurrent.ThreadPoolExecutor.runWorker(ThreadPoolExecutor.java:1149)
	at java.util.concurrent.ThreadPoolExecutor$Worker.run(ThreadPoolExecutor.java:624)
	at net.corda.node.utilities.AffinityExecutor$ServiceAffinityExecutor$1$thread$1.run(AffinityExecutor.kt:62)
</failure>
  </testcase>
  <testcase name="transactionConstructedByFlowHasOneOutputUsingTheCorrectContract" classname="com.pcc.NOCApprovalFlowTest" time="2.288">
    <failure message="java.util.concurrent.ExecutionException: java.lang.NullPointerException" type="java.util.concurrent.ExecutionException">java.util.concurrent.ExecutionException: java.lang.NullPointerException
	at java.util.concurrent.CompletableFuture.reportGet(CompletableFuture.java:357)
	at java.util.concurrent.CompletableFuture.get(CompletableFuture.java:1895)
	at net.corda.core.internal.concurrent.CordaFutureImpl.get(CordaFutureImpl.kt)
	at com.pcc.NOCApprovalFlowTest.transactionConstructedByFlowHasOneOutputUsingTheCorrectContract(NOCApprovalFlowTest.java:92)
	at sun.reflect.NativeMethodAccessorImpl.invoke0(Native Method)
	at sun.reflect.NativeMethodAccessorImpl.invoke(NativeMethodAccessorImpl.java:62)
	at sun.reflect.DelegatingMethodAccessorImpl.invoke(DelegatingMethodAccessorImpl.java:43)
	at java.lang.reflect.Method.invoke(Method.java:498)
	at org.junit.runners.model.FrameworkMethod$1.runReflectiveCall(FrameworkMethod.java:50)
	at org.junit.internal.runners.model.ReflectiveCallable.run(ReflectiveCallable.java:12)
	at org.junit.runners.model.FrameworkMethod.invokeExplosively(FrameworkMethod.java:47)
	at org.junit.internal.runners.statements.InvokeMethod.evaluate(InvokeMethod.java:17)
	at org.junit.internal.runners.statements.RunBefores.evaluate(RunBefores.java:26)
	at org.junit.internal.runners.statements.RunAfters.evaluate(RunAfters.java:27)
	at org.junit.rules.ExpectedException$ExpectedExceptionStatement.evaluate(ExpectedException.java:239)
	at org.junit.rules.RunRules.evaluate(RunRules.java:20)
	at org.junit.runners.ParentRunner.runLeaf(ParentRunner.java:325)
	at org.junit.runners.BlockJUnit4ClassRunner.runChild(BlockJUnit4ClassRunner.java:78)
	at org.junit.runners.BlockJUnit4ClassRunner.runChild(BlockJUnit4ClassRunner.java:57)
	at org.junit.runners.ParentRunner$3.run(ParentRunner.java:290)
	at org.junit.runners.ParentRunner$1.schedule(ParentRunner.java:71)
	at org.junit.runners.ParentRunner.runChildren(ParentRunner.java:288)
	at org.junit.runners.ParentRunner.access$000(ParentRunner.java:58)
	at org.junit.runners.ParentRunner$2.evaluate(ParentRunner.java:268)
	at org.junit.runners.ParentRunner.run(ParentRunner.java:363)
	at org.gradle.api.internal.tasks.testing.junit.JUnitTestClassExecuter.runTestClass(JUnitTestClassExecuter.java:114)
	at org.gradle.api.internal.tasks.testing.junit.JUnitTestClassExecuter.execute(JUnitTestClassExecuter.java:57)
	at org.gradle.api.internal.tasks.testing.junit.JUnitTestClassProcessor.processTestClass(JUnitTestClassProcessor.java:66)
	at org.gradle.api.internal.tasks.testing.SuiteTestClassProcessor.processTestClass(SuiteTestClassProcessor.java:51)
	at sun.reflect.NativeMethodAccessorImpl.invoke0(Native Method)
	at sun.reflect.NativeMethodAccessorImpl.invoke(NativeMethodAccessorImpl.java:62)
	at sun.reflect.DelegatingMethodAccessorImpl.invoke(DelegatingMethodAccessorImpl.java:43)
	at java.lang.reflect.Method.invoke(Method.java:498)
	at org.gradle.internal.dispatch.ReflectionDispatch.dispatch(ReflectionDispatch.java:35)
	at org.gradle.internal.dispatch.ReflectionDispatch.dispatch(ReflectionDispatch.java:24)
	at org.gradle.internal.dispatch.ContextClassLoaderDispatch.dispatch(ContextClassLoaderDispatch.java:32)
	at org.gradle.internal.dispatch.ProxyDispatchAdapter$DispatchingInvocationHandler.invoke(ProxyDispatchAdapter.java:93)
	at com.sun.proxy.$Proxy1.processTestClass(Unknown Source)
	at org.gradle.api.internal.tasks.testing.worker.TestWorker.processTestClass(TestWorker.java:109)
	at sun.reflect.NativeMethodAccessorImpl.invoke0(Native Method)
	at sun.reflect.NativeMethodAccessorImpl.invoke(NativeMethodAccessorImpl.java:62)
	at sun.reflect.DelegatingMethodAccessorImpl.invoke(DelegatingMethodAccessorImpl.java:43)
	at java.lang.reflect.Method.invoke(Method.java:498)
	at org.gradle.internal.dispatch.ReflectionDispatch.dispatch(ReflectionDispatch.java:35)
	at org.gradle.internal.dispatch.ReflectionDispatch.dispatch(ReflectionDispatch.java:24)
	at org.gradle.internal.remote.internal.hub.MessageHubBackedObjectConnection$DispatchWrapper.dispatch(MessageHubBackedObjectConnection.java:146)
	at org.gradle.internal.remote.internal.hub.MessageHubBackedObjectConnection$DispatchWrapper.dispatch(MessageHubBackedObjectConnection.java:128)
	at org.gradle.internal.remote.internal.hub.MessageHub$Handler.run(MessageHub.java:404)
	at org.gradle.internal.concurrent.ExecutorPolicy$CatchAndRecordFailures.onExecute(ExecutorPolicy.java:63)
	at org.gradle.internal.concurrent.ManagedExecutorImpl$1.run(ManagedExecutorImpl.java:46)
	at java.util.concurrent.ThreadPoolExecutor.runWorker(ThreadPoolExecutor.java:1149)
	at java.util.concurrent.ThreadPoolExecutor$Worker.run(ThreadPoolExecutor.java:624)
	at org.gradle.internal.concurrent.ThreadFactoryImpl$ManagedThreadRunnable.run(ThreadFactoryImpl.java:55)
	at java.lang.Thread.run(Thread.java:748)
Caused by: java.lang.NullPointerException
	at com.pcc.flows.NOCApprovalFlow.call(NOCApprovalFlow.java:106)
	at com.pcc.flows.NOCApprovalFlow.call(NOCApprovalFlow.java:25)
	at net.corda.node.services.statemachine.FlowStateMachineImpl.run(FlowStateMachineImpl.kt:96)
	at net.corda.node.services.statemachine.FlowStateMachineImpl.run(FlowStateMachineImpl.kt:44)
	at co.paralleluniverse.fibers.Fiber.run1(Fiber.java:1092)
	at co.paralleluniverse.fibers.Fiber.exec(Fiber.java:788)
	at co.paralleluniverse.fibers.RunnableFiberTask.doExec(RunnableFiberTask.java:100)
	at co.paralleluniverse.fibers.RunnableFiberTask.run(RunnableFiberTask.java:91)
	at java.util.concurrent.Executors$RunnableAdapter.call(Executors.java:511)
	at java.util.concurrent.FutureTask.run(FutureTask.java:266)
	at java.util.concurrent.ScheduledThreadPoolExecutor$ScheduledFutureTask.access$201(ScheduledThreadPoolExecutor.java:180)
	at java.util.concurrent.ScheduledThreadPoolExecutor$ScheduledFutureTask.run(ScheduledThreadPoolExecutor.java:293)
	at java.util.concurrent.ThreadPoolExecutor.runWorker(ThreadPoolExecutor.java:1149)
	at java.util.concurrent.ThreadPoolExecutor$Worker.run(ThreadPoolExecutor.java:624)
	at net.corda.node.utilities.AffinityExecutor$ServiceAffinityExecutor$1$thread$1.run(AffinityExecutor.kt:62)
</failure>
  </testcase>
  <system-out><![CDATA[2020-03-23 06:43:27,870 Test worker WARN Unable to instantiate org.fusesource.jansi.WindowsAnsiOutputStream
2020-03-23 06:43:27,886 Test worker WARN Unable to instantiate org.fusesource.jansi.WindowsAnsiOutputStream
[INFO ] 06:43:28,754 [Test worker] (AbstractSecurityProviderRegistrar.java:113) eddsa.EdDSASecurityProviderRegistrar.getOrCreateProvider - getOrCreateProvider(EdDSA) created instance of net.i2p.crypto.eddsa.EdDSASecurityProvider {}
[INFO ] 06:43:38,761 [Test worker] (CordappLoader.kt:137) cordapp.CordappLoader.createDevCordappJar - Generating a test-only cordapp of classes discovered in com.pcc at build\tmp\generated-test-cordapps\com.pcc-75eee709-d917-4536-9375-8beb460d6bc0.jar {}
[INFO ] 06:43:38,793 [Test worker] (CordappLoader.kt:137) cordapp.CordappLoader.createDevCordappJar - Generating a test-only cordapp of classes discovered in com.pcc at build\tmp\generated-test-cordapps\com.pcc-54fd3aff-b189-4fdb-b137-b739787069b9.jar {}
[INFO ] 06:43:38,933 [Test worker] (CordappLoader.kt:137) cordapp.CordappLoader.createDevCordappJar - Generating a test-only cordapp of classes discovered in com.pcc.flows at build\tmp\generated-test-cordapps\com.pcc.flows-5223830c-baba-483e-b745-2371affa709c.jar {}
[INFO ] 06:43:39,042 [Test worker] (CordappLoader.kt:53) cordapp.CordappLoader.<init> - Loading CorDapps from file:/C:/Users/amrithak/Desktop/r3corda_police_passport-apps-abhishek%20-%20Copy/cordapp/build/tmp/generated-test-cordapps/com.pcc-75eee709-d917-4536-9375-8beb460d6bc0.jar, file:/C:/Users/amrithak/Desktop/r3corda_police_passport-apps-abhishek%20-%20Copy/cordapp/build/tmp/generated-test-cordapps/com.pcc-54fd3aff-b189-4fdb-b137-b739787069b9.jar, file:/C:/Users/amrithak/Desktop/r3corda_police_passport-apps-abhishek%20-%20Copy/cordapp-contracts-states/build/libs/cordapp-contracts-states-0.1.jar, file:/C:/Users/amrithak/Desktop/r3corda_police_passport-apps-abhishek%20-%20Copy/cordapp/build/tmp/generated-test-cordapps/com.pcc.flows-5223830c-baba-483e-b745-2371affa709c.jar {}
[INFO ] 06:43:39,058 [Test worker] (AbstractNode.kt:194) internal.InternalMockNetwork$MockNode.start - Node starting up ... {}
[WARN ] 06:43:39,058 [Test worker] (AbstractNode.kt:169) internal.InternalMockNetwork$MockNode.initCertificate - Corda node is running in dev mode. {}
[INFO ] 06:43:39,074 [Test worker] (CordappLoader.kt:270) cordapp.CordappLoader.scanCordapp - Scanning CorDapp in file:/C:/Users/amrithak/Desktop/r3corda_police_passport-apps-abhishek%20-%20Copy/cordapp/build/tmp/generated-test-cordapps/com.pcc-75eee709-d917-4536-9375-8beb460d6bc0.jar {}
[INFO ] 06:43:39,102 [Test worker] (CordappLoader.kt:270) cordapp.CordappLoader.scanCordapp - Scanning CorDapp in file:/C:/Users/amrithak/Desktop/r3corda_police_passport-apps-abhishek%20-%20Copy/cordapp/build/tmp/generated-test-cordapps/com.pcc-54fd3aff-b189-4fdb-b137-b739787069b9.jar {}
[INFO ] 06:43:39,230 [Test worker] (CordappLoader.kt:270) cordapp.CordappLoader.scanCordapp - Scanning CorDapp in file:/C:/Users/amrithak/Desktop/r3corda_police_passport-apps-abhishek%20-%20Copy/cordapp-contracts-states/build/libs/cordapp-contracts-states-0.1.jar {}
[INFO ] 06:43:39,259 [Test worker] (CordappLoader.kt:270) cordapp.CordappLoader.scanCordapp - Scanning CorDapp in file:/C:/Users/amrithak/Desktop/r3corda_police_passport-apps-abhishek%20-%20Copy/cordapp/build/tmp/generated-test-cordapps/com.pcc.flows-5223830c-baba-483e-b745-2371affa709c.jar {}
[INFO ] 06:43:39,473 [Test worker] (NetworkParametersReader.kt:57) internal.NetworkParametersReader.retrieveNetworkParameters - Loaded network parameters: NetworkParameters(minimumPlatformVersion=1, notaries=[NotaryInfo(identity=O=Notary Service, L=Zurich, C=CH, validating=true)], maxMessageSize=10485760, maxTransactionSize=10485760, modifiedTime=2020-03-23T01:13:26.074Z, epoch=1, whitelistedContractImplementations={}) {}
[INFO ] 06:43:39,614 [Test worker] (HikariDataSource.java:70) hikari.HikariDataSource.<init> - HikariPool-1 - Started. {}
[INFO ] 06:43:40,174 [Test worker] (AbstractNode.kt:863) internal.InternalMockNetwork$MockNode.invoke - Connected to H2 database. {}
[INFO ] 06:43:40,221 [Test worker] (HibernateConfiguration.kt:39) persistence.HibernateConfiguration.<init> - Init HibernateConfiguration for schemas: [CommonSchemaV1(name=net.corda.core.schemas.CommonSchema, version=1), VaultSchemaV1(name=net.corda.node.services.vault.VaultSchema, version=1), NodeInfoSchemaV1(name=net.corda.node.internal.schemas.NodeInfoSchema, version=1), NodeCoreV1(name=net.corda.node.services.schema.NodeSchemaService$NodeCore, version=1), NodeNotaryV1(name=net.corda.node.services.schema.NodeSchemaService$NodeNotary, version=1)] {}
[INFO ] 06:43:40,221 [Test worker] (HibernateConfiguration.kt:47) persistence.HibernateConfiguration.makeSessionFactoryForSchemas - Creating session factory for schemas: [CommonSchemaV1(name=net.corda.core.schemas.CommonSchema, version=1), VaultSchemaV1(name=net.corda.node.services.vault.VaultSchema, version=1), NodeInfoSchemaV1(name=net.corda.node.internal.schemas.NodeInfoSchema, version=1), NodeCoreV1(name=net.corda.node.services.schema.NodeSchemaService$NodeCore, version=1), NodeNotaryV1(name=net.corda.node.services.schema.NodeSchemaService$NodeNotary, version=1)] {}
[INFO ] 06:43:40,518 [Test worker] (Version.java:45) hibernate.Version.logVersion - HHH000412: Hibernate Core {5.2.6.Final} {}
[INFO ] 06:43:40,518 [Test worker] (Environment.java:213) cfg.Environment.<clinit> - HHH000206: hibernate.properties not found {}
[INFO ] 06:43:40,612 [Test worker] (JavaReflectionManager.java:66) common.Version.<clinit> - HCANN000001: Hibernate Commons Annotations {5.0.1.Final} {}
[INFO ] 06:43:40,721 [Test worker] (ConnectionProviderInitiator.java:122) internal.ConnectionProviderInitiator.initiateService - HHH000130: Instantiating explicit connection provider: net.corda.nodeapi.internal.persistence.HibernateConfiguration$NodeDatabaseConnectionProvider {}
[INFO ] 06:43:40,752 [Test worker] (Dialect.java:157) dialect.Dialect.<init> - HHH000400: Using dialect: org.hibernate.dialect.H2Dialect {}
[INFO ] 06:43:40,877 [Test worker] (BasicTypeRegistry.java:148) type.BasicTypeRegistry.register - HHH000270: Type registration [materialized_blob] overrides previous : org.hibernate.type.MaterializedBlobType@76601565 {}
[INFO ] 06:43:42,477 [Test worker] (DdlTransactionIsolatorNonJtaImpl.java:47) connections.access.getIsolatedConnection - HHH10001501: Connection obtained from JdbcConnectionAccess [org.hibernate.engine.jdbc.env.internal.JdbcEnvironmentInitiator$ConnectionProviderJdbcConnectionAccess@1686c7e9] for (non-JTA) DDL execution was not in auto-commit mode; the Connection 'local transaction' will be committed and the Connection will be set into auto-commit mode. {}
[INFO ] 06:43:42,605 [Test worker] (HibernateConfiguration.kt:64) persistence.HibernateConfiguration.makeSessionFactoryForSchemas - Created session factory for schemas: [CommonSchemaV1(name=net.corda.core.schemas.CommonSchema, version=1), VaultSchemaV1(name=net.corda.node.services.vault.VaultSchema, version=1), NodeInfoSchemaV1(name=net.corda.node.internal.schemas.NodeInfoSchema, version=1), NodeCoreV1(name=net.corda.node.services.schema.NodeSchemaService$NodeCore, version=1), NodeNotaryV1(name=net.corda.node.services.schema.NodeSchemaService$NodeNotary, version=1)] {}
[INFO ] 06:43:42,950 [Test worker] (QueryTranslatorFactoryInitiator.java:47) internal.QueryTranslatorFactoryInitiator.initiateService - HHH000397: Using ASTQueryTranslatorFactory {}
[INFO ] 06:43:43,295 [Test worker] (AbstractNode.kt:331) internal.InternalMockNetwork$MockNode.updateNodeInfo - Node-info has changed so submitting update. Old node-info was null {}
[INFO ] 06:43:43,295 [Test worker] (PersistentNetworkMapCache.kt:191) network.PersistentNetworkMapCache.addNode - Adding node with info: NodeInfo(addresses=[mock.node:1000], legalIdentitiesAndCerts=[O=Notary Service, L=Zurich, C=CH], platformVersion=1, serial=1584926023295) {}
[INFO ] 06:43:43,342 [Test worker] (PersistentNetworkMapCache.kt:195) network.PersistentNetworkMapCache.addNode - No previous node found {}
[INFO ] 06:43:43,510 [Test worker] (PersistentNetworkMapCache.kt:215) network.PersistentNetworkMapCache.addNode - Done adding node with info: NodeInfo(addresses=[mock.node:1000], legalIdentitiesAndCerts=[O=Notary Service, L=Zurich, C=CH], platformVersion=1, serial=1584926023295) {}
[INFO ] 06:43:43,510 [Test worker] (AbstractNode.kt:334) internal.InternalMockNetwork$MockNode.updateNodeInfo - New node-info: NodeInfo(addresses=[mock.node:1000], legalIdentitiesAndCerts=[O=Notary Service, L=Zurich, C=CH], platformVersion=1, serial=1584926023295) {}
[INFO ] 06:43:43,916 [Test worker] (NodeAttachmentService.kt:297) persistence.NodeAttachmentService.invoke - Stored new attachment 2C5AE11966144C6D3D77F9B8823762D88BE591F5C228BC8002B82CD254917419 {}
[WARN ] 06:43:43,931 [Test worker] (CordappProviderImpl.kt:40) cordapp.CordappProviderImpl.verifyInstalledCordapps - The network parameters don't specify any whitelisted contract implementations. Please contact your zone operator. See https://docs.corda.net/network-map.html {}
[INFO ] 06:43:44,087 [Test worker] (AbstractNode.kt:686) internal.InternalMockNetwork$MockNode.makeNotaryService - Running core notary: net.corda.node.services.transactions.ValidatingNotaryService {}
[WARN ] 06:43:44,397 [Test worker] (AppendOnlyPersistentMap.kt:79) utilities.AppendOnlyPersistentMapBase.set - Double insert in net.corda.node.utilities.AppendOnlyPersistentMap for entity class class net.corda.node.services.identity.PersistentIdentityService$PersistentIdentity key EF959F96680FE04BD0CBAD3EECFADEEF4057B78D5B37A725C67F507F7A1513BC, not inserting the second time {}
[INFO ] 06:43:44,506 [Test worker] (PersistentNetworkMapCache.kt:191) network.PersistentNetworkMapCache.addNode - Adding node with info: NodeInfo(addresses=[mock.node:1000], legalIdentitiesAndCerts=[O=Notary Service, L=Zurich, C=CH], platformVersion=1, serial=1584926023295) {}
[INFO ] 06:43:44,537 [Test worker] (PersistentNetworkMapCache.kt:210) network.PersistentNetworkMapCache.addNode - Previous node was identical to incoming one - doing nothing {}
[INFO ] 06:43:44,537 [Test worker] (PersistentNetworkMapCache.kt:215) network.PersistentNetworkMapCache.addNode - Done adding node with info: NodeInfo(addresses=[mock.node:1000], legalIdentitiesAndCerts=[O=Notary Service, L=Zurich, C=CH], platformVersion=1, serial=1584926023295) {}
[INFO ] 06:43:44,553 [Test worker] (PersistentNetworkMapCache.kt:191) network.PersistentNetworkMapCache.addNode - Adding node with info: NodeInfo(addresses=[mock.node:1000], legalIdentitiesAndCerts=[O=Notary Service, L=Zurich, C=CH], platformVersion=1, serial=1584926023295) {}
[INFO ] 06:43:44,553 [Test worker] (PersistentNetworkMapCache.kt:210) network.PersistentNetworkMapCache.addNode - Previous node was identical to incoming one - doing nothing {}
[INFO ] 06:43:44,553 [Test worker] (PersistentNetworkMapCache.kt:215) network.PersistentNetworkMapCache.addNode - Done adding node with info: NodeInfo(addresses=[mock.node:1000], legalIdentitiesAndCerts=[O=Notary Service, L=Zurich, C=CH], platformVersion=1, serial=1584926023295) {}
[INFO ] 06:43:44,553 [Test worker] (CordappLoader.kt:53) cordapp.CordappLoader.<init> - Loading CorDapps from file:/C:/Users/amrithak/Desktop/r3corda_police_passport-apps-abhishek%20-%20Copy/cordapp/build/tmp/generated-test-cordapps/com.pcc-75eee709-d917-4536-9375-8beb460d6bc0.jar, file:/C:/Users/amrithak/Desktop/r3corda_police_passport-apps-abhishek%20-%20Copy/cordapp/build/tmp/generated-test-cordapps/com.pcc-54fd3aff-b189-4fdb-b137-b739787069b9.jar, file:/C:/Users/amrithak/Desktop/r3corda_police_passport-apps-abhishek%20-%20Copy/cordapp-contracts-states/build/libs/cordapp-contracts-states-0.1.jar, file:/C:/Users/amrithak/Desktop/r3corda_police_passport-apps-abhishek%20-%20Copy/cordapp/build/tmp/generated-test-cordapps/com.pcc.flows-5223830c-baba-483e-b745-2371affa709c.jar {}
[INFO ] 06:43:44,553 [Test worker] (AbstractNode.kt:194) internal.InternalMockNetwork$MockNode.start - Node starting up ... {}
[WARN ] 06:43:44,553 [Test worker] (AbstractNode.kt:169) internal.InternalMockNetwork$MockNode.initCertificate - Corda node is running in dev mode. {}
[INFO ] 06:43:44,584 [Test worker] (CordappLoader.kt:270) cordapp.CordappLoader.scanCordapp - Scanning CorDapp in file:/C:/Users/amrithak/Desktop/r3corda_police_passport-apps-abhishek%20-%20Copy/cordapp/build/tmp/generated-test-cordapps/com.pcc-75eee709-d917-4536-9375-8beb460d6bc0.jar {}
[INFO ] 06:43:44,616 [Test worker] (CordappLoader.kt:270) cordapp.CordappLoader.scanCordapp - Scanning CorDapp in file:/C:/Users/amrithak/Desktop/r3corda_police_passport-apps-abhishek%20-%20Copy/cordapp/build/tmp/generated-test-cordapps/com.pcc-54fd3aff-b189-4fdb-b137-b739787069b9.jar {}
[INFO ] 06:43:44,653 [Test worker] (CordappLoader.kt:270) cordapp.CordappLoader.scanCordapp - Scanning CorDapp in file:/C:/Users/amrithak/Desktop/r3corda_police_passport-apps-abhishek%20-%20Copy/cordapp-contracts-states/build/libs/cordapp-contracts-states-0.1.jar {}
[INFO ] 06:43:44,690 [Test worker] (CordappLoader.kt:270) cordapp.CordappLoader.scanCordapp - Scanning CorDapp in file:/C:/Users/amrithak/Desktop/r3corda_police_passport-apps-abhishek%20-%20Copy/cordapp/build/tmp/generated-test-cordapps/com.pcc.flows-5223830c-baba-483e-b745-2371affa709c.jar {}
[INFO ] 06:43:44,719 [Test worker] (AbstractNode.kt:768) internal.InternalMockNetwork$MockNode.obtainIdentity - identity-private-key not found in key store /nodes/1/certificates/nodekeystore.jks, generating fresh key! {}
[INFO ] 06:43:44,735 [Test worker] (NetworkParametersReader.kt:57) internal.NetworkParametersReader.retrieveNetworkParameters - Loaded network parameters: NetworkParameters(minimumPlatformVersion=1, notaries=[NotaryInfo(identity=O=Notary Service, L=Zurich, C=CH, validating=true)], maxMessageSize=10485760, maxTransactionSize=10485760, modifiedTime=2020-03-23T01:13:26.074Z, epoch=1, whitelistedContractImplementations={}) {}
[INFO ] 06:43:44,735 [Test worker] (HikariDataSource.java:70) hikari.HikariDataSource.<init> - HikariPool-2 - Started. {}
[INFO ] 06:43:44,751 [Test worker] (AbstractNode.kt:863) internal.InternalMockNetwork$MockNode.invoke - Connected to H2 database. {}
[INFO ] 06:43:44,751 [Test worker] (HibernateConfiguration.kt:39) persistence.HibernateConfiguration.<init> - Init HibernateConfiguration for schemas: [CommonSchemaV1(name=net.corda.core.schemas.CommonSchema, version=1), VaultSchemaV1(name=net.corda.node.services.vault.VaultSchema, version=1), NodeInfoSchemaV1(name=net.corda.node.internal.schemas.NodeInfoSchema, version=1), NodeCoreV1(name=net.corda.node.services.schema.NodeSchemaService$NodeCore, version=1)] {}
[INFO ] 06:43:44,751 [Test worker] (HibernateConfiguration.kt:47) persistence.HibernateConfiguration.makeSessionFactoryForSchemas - Creating session factory for schemas: [CommonSchemaV1(name=net.corda.core.schemas.CommonSchema, version=1), VaultSchemaV1(name=net.corda.node.services.vault.VaultSchema, version=1), NodeInfoSchemaV1(name=net.corda.node.internal.schemas.NodeInfoSchema, version=1), NodeCoreV1(name=net.corda.node.services.schema.NodeSchemaService$NodeCore, version=1)] {}
[INFO ] 06:43:44,766 [Test worker] (ConnectionProviderInitiator.java:122) internal.ConnectionProviderInitiator.initiateService - HHH000130: Instantiating explicit connection provider: net.corda.nodeapi.internal.persistence.HibernateConfiguration$NodeDatabaseConnectionProvider {}
[INFO ] 06:43:44,766 [Test worker] (Dialect.java:157) dialect.Dialect.<init> - HHH000400: Using dialect: org.hibernate.dialect.H2Dialect {}
[INFO ] 06:43:44,782 [Test worker] (BasicTypeRegistry.java:148) type.BasicTypeRegistry.register - HHH000270: Type registration [materialized_blob] overrides previous : org.hibernate.type.MaterializedBlobType@76601565 {}
[INFO ] 06:43:44,891 [Test worker] (DdlTransactionIsolatorNonJtaImpl.java:47) connections.access.getIsolatedConnection - HHH10001501: Connection obtained from JdbcConnectionAccess [org.hibernate.engine.jdbc.env.internal.JdbcEnvironmentInitiator$ConnectionProviderJdbcConnectionAccess@6d3f2d3d] for (non-JTA) DDL execution was not in auto-commit mode; the Connection 'local transaction' will be committed and the Connection will be set into auto-commit mode. {}
[INFO ] 06:43:44,938 [Test worker] (HibernateConfiguration.kt:64) persistence.HibernateConfiguration.makeSessionFactoryForSchemas - Created session factory for schemas: [CommonSchemaV1(name=net.corda.core.schemas.CommonSchema, version=1), VaultSchemaV1(name=net.corda.node.services.vault.VaultSchema, version=1), NodeInfoSchemaV1(name=net.corda.node.internal.schemas.NodeInfoSchema, version=1), NodeCoreV1(name=net.corda.node.services.schema.NodeSchemaService$NodeCore, version=1)] {}
[INFO ] 06:43:44,938 [Test worker] (QueryTranslatorFactoryInitiator.java:47) internal.QueryTranslatorFactoryInitiator.initiateService - HHH000397: Using ASTQueryTranslatorFactory {}
[INFO ] 06:43:44,956 [Test worker] (AbstractNode.kt:331) internal.InternalMockNetwork$MockNode.updateNodeInfo - Node-info has changed so submitting update. Old node-info was null {}
[INFO ] 06:43:44,956 [Test worker] (PersistentNetworkMapCache.kt:191) network.PersistentNetworkMapCache.addNode - Adding node with info: NodeInfo(addresses=[mock.node:1000], legalIdentitiesAndCerts=[O=Mock Company 1, L=London, C=GB], platformVersion=1, serial=1584926024956) {}
[INFO ] 06:43:44,956 [Test worker] (PersistentNetworkMapCache.kt:195) network.PersistentNetworkMapCache.addNode - No previous node found {}
[INFO ] 06:43:44,971 [Test worker] (PersistentNetworkMapCache.kt:215) network.PersistentNetworkMapCache.addNode - Done adding node with info: NodeInfo(addresses=[mock.node:1000], legalIdentitiesAndCerts=[O=Mock Company 1, L=London, C=GB], platformVersion=1, serial=1584926024956) {}
[INFO ] 06:43:44,971 [Test worker] (AbstractNode.kt:334) internal.InternalMockNetwork$MockNode.updateNodeInfo - New node-info: NodeInfo(addresses=[mock.node:1000], legalIdentitiesAndCerts=[O=Mock Company 1, L=London, C=GB], platformVersion=1, serial=1584926024956) {}
[INFO ] 06:43:45,209 [Test worker] (NodeAttachmentService.kt:297) persistence.NodeAttachmentService.invoke - Stored new attachment 2C5AE11966144C6D3D77F9B8823762D88BE591F5C228BC8002B82CD254917419 {}
[WARN ] 06:43:45,209 [Test worker] (CordappProviderImpl.kt:40) cordapp.CordappProviderImpl.verifyInstalledCordapps - The network parameters don't specify any whitelisted contract implementations. Please contact your zone operator. See https://docs.corda.net/network-map.html {}
[WARN ] 06:43:45,240 [Test worker] (AppendOnlyPersistentMap.kt:79) utilities.AppendOnlyPersistentMapBase.set - Double insert in net.corda.node.utilities.AppendOnlyPersistentMap for entity class class net.corda.node.services.identity.PersistentIdentityService$PersistentIdentity key BF358FF43D4C2D2DF29A18AB14506D19E4270A8825E11D0FE124D188E1414193, not inserting the second time {}
[INFO ] 06:43:45,264 [Test worker] (PersistentNetworkMapCache.kt:191) network.PersistentNetworkMapCache.addNode - Adding node with info: NodeInfo(addresses=[mock.node:1000], legalIdentitiesAndCerts=[O=Notary Service, L=Zurich, C=CH], platformVersion=1, serial=1584926023295) {}
[INFO ] 06:43:45,264 [Test worker] (PersistentNetworkMapCache.kt:195) network.PersistentNetworkMapCache.addNode - No previous node found {}
[INFO ] 06:43:45,279 [Test worker] (PersistentNetworkMapCache.kt:215) network.PersistentNetworkMapCache.addNode - Done adding node with info: NodeInfo(addresses=[mock.node:1000], legalIdentitiesAndCerts=[O=Notary Service, L=Zurich, C=CH], platformVersion=1, serial=1584926023295) {}
[INFO ] 06:43:45,279 [Test worker] (PersistentNetworkMapCache.kt:191) network.PersistentNetworkMapCache.addNode - Adding node with info: NodeInfo(addresses=[mock.node:1000], legalIdentitiesAndCerts=[O=Mock Company 1, L=London, C=GB], platformVersion=1, serial=1584926024956) {}
[INFO ] 06:43:45,279 [Test worker] (PersistentNetworkMapCache.kt:195) network.PersistentNetworkMapCache.addNode - No previous node found {}
[INFO ] 06:43:45,295 [Test worker] (PersistentNetworkMapCache.kt:215) network.PersistentNetworkMapCache.addNode - Done adding node with info: NodeInfo(addresses=[mock.node:1000], legalIdentitiesAndCerts=[O=Mock Company 1, L=London, C=GB], platformVersion=1, serial=1584926024956) {}
[INFO ] 06:43:45,295 [Test worker] (PersistentNetworkMapCache.kt:191) network.PersistentNetworkMapCache.addNode - Adding node with info: NodeInfo(addresses=[mock.node:1000], legalIdentitiesAndCerts=[O=Mock Company 1, L=London, C=GB], platformVersion=1, serial=1584926024956) {}
[INFO ] 06:43:45,310 [Test worker] (PersistentNetworkMapCache.kt:210) network.PersistentNetworkMapCache.addNode - Previous node was identical to incoming one - doing nothing {}
[INFO ] 06:43:45,310 [Test worker] (PersistentNetworkMapCache.kt:215) network.PersistentNetworkMapCache.addNode - Done adding node with info: NodeInfo(addresses=[mock.node:1000], legalIdentitiesAndCerts=[O=Mock Company 1, L=London, C=GB], platformVersion=1, serial=1584926024956) {}
[INFO ] 06:43:45,310 [Test worker] (PersistentNetworkMapCache.kt:191) network.PersistentNetworkMapCache.addNode - Adding node with info: NodeInfo(addresses=[mock.node:1000], legalIdentitiesAndCerts=[O=Mock Company 1, L=London, C=GB], platformVersion=1, serial=1584926024956) {}
[INFO ] 06:43:45,310 [Test worker] (PersistentNetworkMapCache.kt:210) network.PersistentNetworkMapCache.addNode - Previous node was identical to incoming one - doing nothing {}
[INFO ] 06:43:45,310 [Test worker] (PersistentNetworkMapCache.kt:215) network.PersistentNetworkMapCache.addNode - Done adding node with info: NodeInfo(addresses=[mock.node:1000], legalIdentitiesAndCerts=[O=Mock Company 1, L=London, C=GB], platformVersion=1, serial=1584926024956) {}
[INFO ] 06:43:45,326 [Test worker] (CordappLoader.kt:53) cordapp.CordappLoader.<init> - Loading CorDapps from file:/C:/Users/amrithak/Desktop/r3corda_police_passport-apps-abhishek%20-%20Copy/cordapp/build/tmp/generated-test-cordapps/com.pcc-75eee709-d917-4536-9375-8beb460d6bc0.jar, file:/C:/Users/amrithak/Desktop/r3corda_police_passport-apps-abhishek%20-%20Copy/cordapp/build/tmp/generated-test-cordapps/com.pcc-54fd3aff-b189-4fdb-b137-b739787069b9.jar, file:/C:/Users/amrithak/Desktop/r3corda_police_passport-apps-abhishek%20-%20Copy/cordapp-contracts-states/build/libs/cordapp-contracts-states-0.1.jar, file:/C:/Users/amrithak/Desktop/r3corda_police_passport-apps-abhishek%20-%20Copy/cordapp/build/tmp/generated-test-cordapps/com.pcc.flows-5223830c-baba-483e-b745-2371affa709c.jar {}
[INFO ] 06:43:45,326 [Test worker] (AbstractNode.kt:194) internal.InternalMockNetwork$MockNode.start - Node starting up ... {}
[WARN ] 06:43:45,326 [Test worker] (AbstractNode.kt:169) internal.InternalMockNetwork$MockNode.initCertificate - Corda node is running in dev mode. {}
[INFO ] 06:43:45,357 [Test worker] (CordappLoader.kt:270) cordapp.CordappLoader.scanCordapp - Scanning CorDapp in file:/C:/Users/amrithak/Desktop/r3corda_police_passport-apps-abhishek%20-%20Copy/cordapp/build/tmp/generated-test-cordapps/com.pcc-75eee709-d917-4536-9375-8beb460d6bc0.jar {}
[INFO ] 06:43:45,392 [Test worker] (CordappLoader.kt:270) cordapp.CordappLoader.scanCordapp - Scanning CorDapp in file:/C:/Users/amrithak/Desktop/r3corda_police_passport-apps-abhishek%20-%20Copy/cordapp/build/tmp/generated-test-cordapps/com.pcc-54fd3aff-b189-4fdb-b137-b739787069b9.jar {}
[INFO ] 06:43:45,417 [Test worker] (CordappLoader.kt:270) cordapp.CordappLoader.scanCordapp - Scanning CorDapp in file:/C:/Users/amrithak/Desktop/r3corda_police_passport-apps-abhishek%20-%20Copy/cordapp-contracts-states/build/libs/cordapp-contracts-states-0.1.jar {}
[INFO ] 06:43:45,455 [Test worker] (CordappLoader.kt:270) cordapp.CordappLoader.scanCordapp - Scanning CorDapp in file:/C:/Users/amrithak/Desktop/r3corda_police_passport-apps-abhishek%20-%20Copy/cordapp/build/tmp/generated-test-cordapps/com.pcc.flows-5223830c-baba-483e-b745-2371affa709c.jar {}
[INFO ] 06:43:45,497 [Test worker] (AbstractNode.kt:768) internal.InternalMockNetwork$MockNode.obtainIdentity - identity-private-key not found in key store /nodes/2/certificates/nodekeystore.jks, generating fresh key! {}
[INFO ] 06:43:45,513 [Test worker] (NetworkParametersReader.kt:57) internal.NetworkParametersReader.retrieveNetworkParameters - Loaded network parameters: NetworkParameters(minimumPlatformVersion=1, notaries=[NotaryInfo(identity=O=Notary Service, L=Zurich, C=CH, validating=true)], maxMessageSize=10485760, maxTransactionSize=10485760, modifiedTime=2020-03-23T01:13:26.074Z, epoch=1, whitelistedContractImplementations={}) {}
[INFO ] 06:43:45,513 [Test worker] (HikariDataSource.java:70) hikari.HikariDataSource.<init> - HikariPool-3 - Started. {}
[INFO ] 06:43:45,529 [Test worker] (AbstractNode.kt:863) internal.InternalMockNetwork$MockNode.invoke - Connected to H2 database. {}
[INFO ] 06:43:45,529 [Test worker] (HibernateConfiguration.kt:39) persistence.HibernateConfiguration.<init> - Init HibernateConfiguration for schemas: [CommonSchemaV1(name=net.corda.core.schemas.CommonSchema, version=1), VaultSchemaV1(name=net.corda.node.services.vault.VaultSchema, version=1), NodeInfoSchemaV1(name=net.corda.node.internal.schemas.NodeInfoSchema, version=1), NodeCoreV1(name=net.corda.node.services.schema.NodeSchemaService$NodeCore, version=1)] {}
[INFO ] 06:43:45,529 [Test worker] (HibernateConfiguration.kt:47) persistence.HibernateConfiguration.makeSessionFactoryForSchemas - Creating session factory for schemas: [CommonSchemaV1(name=net.corda.core.schemas.CommonSchema, version=1), VaultSchemaV1(name=net.corda.node.services.vault.VaultSchema, version=1), NodeInfoSchemaV1(name=net.corda.node.internal.schemas.NodeInfoSchema, version=1), NodeCoreV1(name=net.corda.node.services.schema.NodeSchemaService$NodeCore, version=1)] {}
[INFO ] 06:43:45,529 [Test worker] (ConnectionProviderInitiator.java:122) internal.ConnectionProviderInitiator.initiateService - HHH000130: Instantiating explicit connection provider: net.corda.nodeapi.internal.persistence.HibernateConfiguration$NodeDatabaseConnectionProvider {}
[INFO ] 06:43:45,529 [Test worker] (Dialect.java:157) dialect.Dialect.<init> - HHH000400: Using dialect: org.hibernate.dialect.H2Dialect {}
[INFO ] 06:43:45,544 [Test worker] (BasicTypeRegistry.java:148) type.BasicTypeRegistry.register - HHH000270: Type registration [materialized_blob] overrides previous : org.hibernate.type.MaterializedBlobType@76601565 {}
[INFO ] 06:43:45,622 [Test worker] (DdlTransactionIsolatorNonJtaImpl.java:47) connections.access.getIsolatedConnection - HHH10001501: Connection obtained from JdbcConnectionAccess [org.hibernate.engine.jdbc.env.internal.JdbcEnvironmentInitiator$ConnectionProviderJdbcConnectionAccess@46bdb22a] for (non-JTA) DDL execution was not in auto-commit mode; the Connection 'local transaction' will be committed and the Connection will be set into auto-commit mode. {}
[INFO ] 06:43:45,654 [Test worker] (HibernateConfiguration.kt:64) persistence.HibernateConfiguration.makeSessionFactoryForSchemas - Created session factory for schemas: [CommonSchemaV1(name=net.corda.core.schemas.CommonSchema, version=1), VaultSchemaV1(name=net.corda.node.services.vault.VaultSchema, version=1), NodeInfoSchemaV1(name=net.corda.node.internal.schemas.NodeInfoSchema, version=1), NodeCoreV1(name=net.corda.node.services.schema.NodeSchemaService$NodeCore, version=1)] {}
[INFO ] 06:43:45,654 [Test worker] (QueryTranslatorFactoryInitiator.java:47) internal.QueryTranslatorFactoryInitiator.initiateService - HHH000397: Using ASTQueryTranslatorFactory {}
[INFO ] 06:43:45,669 [Test worker] (AbstractNode.kt:331) internal.InternalMockNetwork$MockNode.updateNodeInfo - Node-info has changed so submitting update. Old node-info was null {}
[INFO ] 06:43:45,669 [Test worker] (PersistentNetworkMapCache.kt:191) network.PersistentNetworkMapCache.addNode - Adding node with info: NodeInfo(addresses=[mock.node:1000], legalIdentitiesAndCerts=[O=Mock Company 2, L=London, C=GB], platformVersion=1, serial=1584926025669) {}
[INFO ] 06:43:45,669 [Test worker] (PersistentNetworkMapCache.kt:195) network.PersistentNetworkMapCache.addNode - No previous node found {}
[INFO ] 06:43:45,685 [Test worker] (PersistentNetworkMapCache.kt:215) network.PersistentNetworkMapCache.addNode - Done adding node with info: NodeInfo(addresses=[mock.node:1000], legalIdentitiesAndCerts=[O=Mock Company 2, L=London, C=GB], platformVersion=1, serial=1584926025669) {}
[INFO ] 06:43:45,685 [Test worker] (AbstractNode.kt:334) internal.InternalMockNetwork$MockNode.updateNodeInfo - New node-info: NodeInfo(addresses=[mock.node:1000], legalIdentitiesAndCerts=[O=Mock Company 2, L=London, C=GB], platformVersion=1, serial=1584926025669) {}
[INFO ] 06:43:45,916 [Test worker] (NodeAttachmentService.kt:297) persistence.NodeAttachmentService.invoke - Stored new attachment 2C5AE11966144C6D3D77F9B8823762D88BE591F5C228BC8002B82CD254917419 {}
[WARN ] 06:43:45,931 [Test worker] (CordappProviderImpl.kt:40) cordapp.CordappProviderImpl.verifyInstalledCordapps - The network parameters don't specify any whitelisted contract implementations. Please contact your zone operator. See https://docs.corda.net/network-map.html {}
[WARN ] 06:43:45,962 [Test worker] (AppendOnlyPersistentMap.kt:79) utilities.AppendOnlyPersistentMapBase.set - Double insert in net.corda.node.utilities.AppendOnlyPersistentMap for entity class class net.corda.node.services.identity.PersistentIdentityService$PersistentIdentity key 078512FD444251FA0DD33A5F72FD3F3C3B1425C9D728F5576937CE90156B9222, not inserting the second time {}
[INFO ] 06:43:45,962 [Test worker] (PersistentNetworkMapCache.kt:191) network.PersistentNetworkMapCache.addNode - Adding node with info: NodeInfo(addresses=[mock.node:1000], legalIdentitiesAndCerts=[O=Notary Service, L=Zurich, C=CH], platformVersion=1, serial=1584926023295) {}
[INFO ] 06:43:45,978 [Test worker] (PersistentNetworkMapCache.kt:195) network.PersistentNetworkMapCache.addNode - No previous node found {}
[INFO ] 06:43:45,978 [Test worker] (PersistentNetworkMapCache.kt:215) network.PersistentNetworkMapCache.addNode - Done adding node with info: NodeInfo(addresses=[mock.node:1000], legalIdentitiesAndCerts=[O=Notary Service, L=Zurich, C=CH], platformVersion=1, serial=1584926023295) {}
[INFO ] 06:43:45,978 [Test worker] (PersistentNetworkMapCache.kt:191) network.PersistentNetworkMapCache.addNode - Adding node with info: NodeInfo(addresses=[mock.node:1000], legalIdentitiesAndCerts=[O=Mock Company 2, L=London, C=GB], platformVersion=1, serial=1584926025669) {}
[INFO ] 06:43:45,978 [Test worker] (PersistentNetworkMapCache.kt:195) network.PersistentNetworkMapCache.addNode - No previous node found {}
[INFO ] 06:43:45,994 [Test worker] (PersistentNetworkMapCache.kt:215) network.PersistentNetworkMapCache.addNode - Done adding node with info: NodeInfo(addresses=[mock.node:1000], legalIdentitiesAndCerts=[O=Mock Company 2, L=London, C=GB], platformVersion=1, serial=1584926025669) {}
[INFO ] 06:43:45,994 [Test worker] (PersistentNetworkMapCache.kt:191) network.PersistentNetworkMapCache.addNode - Adding node with info: NodeInfo(addresses=[mock.node:1000], legalIdentitiesAndCerts=[O=Mock Company 1, L=London, C=GB], platformVersion=1, serial=1584926024956) {}
[INFO ] 06:43:45,994 [Test worker] (PersistentNetworkMapCache.kt:195) network.PersistentNetworkMapCache.addNode - No previous node found {}
[INFO ] 06:43:46,009 [Test worker] (PersistentNetworkMapCache.kt:215) network.PersistentNetworkMapCache.addNode - Done adding node with info: NodeInfo(addresses=[mock.node:1000], legalIdentitiesAndCerts=[O=Mock Company 1, L=London, C=GB], platformVersion=1, serial=1584926024956) {}
[INFO ] 06:43:46,009 [Test worker] (PersistentNetworkMapCache.kt:191) network.PersistentNetworkMapCache.addNode - Adding node with info: NodeInfo(addresses=[mock.node:1000], legalIdentitiesAndCerts=[O=Mock Company 2, L=London, C=GB], platformVersion=1, serial=1584926025669) {}
[INFO ] 06:43:46,009 [Test worker] (PersistentNetworkMapCache.kt:195) network.PersistentNetworkMapCache.addNode - No previous node found {}
[INFO ] 06:43:46,025 [Test worker] (PersistentNetworkMapCache.kt:215) network.PersistentNetworkMapCache.addNode - Done adding node with info: NodeInfo(addresses=[mock.node:1000], legalIdentitiesAndCerts=[O=Mock Company 2, L=London, C=GB], platformVersion=1, serial=1584926025669) {}
[INFO ] 06:43:46,025 [Test worker] (PersistentNetworkMapCache.kt:191) network.PersistentNetworkMapCache.addNode - Adding node with info: NodeInfo(addresses=[mock.node:1000], legalIdentitiesAndCerts=[O=Mock Company 2, L=London, C=GB], platformVersion=1, serial=1584926025669) {}
[INFO ] 06:43:46,025 [Test worker] (PersistentNetworkMapCache.kt:210) network.PersistentNetworkMapCache.addNode - Previous node was identical to incoming one - doing nothing {}
[INFO ] 06:43:46,025 [Test worker] (PersistentNetworkMapCache.kt:215) network.PersistentNetworkMapCache.addNode - Done adding node with info: NodeInfo(addresses=[mock.node:1000], legalIdentitiesAndCerts=[O=Mock Company 2, L=London, C=GB], platformVersion=1, serial=1584926025669) {}
[INFO ] 06:43:46,025 [Test worker] (PersistentNetworkMapCache.kt:191) network.PersistentNetworkMapCache.addNode - Adding node with info: NodeInfo(addresses=[mock.node:1000], legalIdentitiesAndCerts=[O=Mock Company 2, L=London, C=GB], platformVersion=1, serial=1584926025669) {}
[INFO ] 06:43:46,025 [Test worker] (PersistentNetworkMapCache.kt:210) network.PersistentNetworkMapCache.addNode - Previous node was identical to incoming one - doing nothing {}
[INFO ] 06:43:46,025 [Test worker] (PersistentNetworkMapCache.kt:215) network.PersistentNetworkMapCache.addNode - Done adding node with info: NodeInfo(addresses=[mock.node:1000], legalIdentitiesAndCerts=[O=Mock Company 2, L=London, C=GB], platformVersion=1, serial=1584926025669) {}
[INFO ] 06:43:46,041 [Test worker] (CordappLoader.kt:53) cordapp.CordappLoader.<init> - Loading CorDapps from file:/C:/Users/amrithak/Desktop/r3corda_police_passport-apps-abhishek%20-%20Copy/cordapp/build/tmp/generated-test-cordapps/com.pcc-75eee709-d917-4536-9375-8beb460d6bc0.jar, file:/C:/Users/amrithak/Desktop/r3corda_police_passport-apps-abhishek%20-%20Copy/cordapp/build/tmp/generated-test-cordapps/com.pcc-54fd3aff-b189-4fdb-b137-b739787069b9.jar, file:/C:/Users/amrithak/Desktop/r3corda_police_passport-apps-abhishek%20-%20Copy/cordapp-contracts-states/build/libs/cordapp-contracts-states-0.1.jar, file:/C:/Users/amrithak/Desktop/r3corda_police_passport-apps-abhishek%20-%20Copy/cordapp/build/tmp/generated-test-cordapps/com.pcc.flows-5223830c-baba-483e-b745-2371affa709c.jar {}
[INFO ] 06:43:46,041 [Test worker] (AbstractNode.kt:194) internal.InternalMockNetwork$MockNode.start - Node starting up ... {}
[WARN ] 06:43:46,041 [Test worker] (AbstractNode.kt:169) internal.InternalMockNetwork$MockNode.initCertificate - Corda node is running in dev mode. {}
[INFO ] 06:43:46,056 [Test worker] (CordappLoader.kt:270) cordapp.CordappLoader.scanCordapp - Scanning CorDapp in file:/C:/Users/amrithak/Desktop/r3corda_police_passport-apps-abhishek%20-%20Copy/cordapp/build/tmp/generated-test-cordapps/com.pcc-75eee709-d917-4536-9375-8beb460d6bc0.jar {}
[INFO ] 06:43:46,081 [Test worker] (CordappLoader.kt:270) cordapp.CordappLoader.scanCordapp - Scanning CorDapp in file:/C:/Users/amrithak/Desktop/r3corda_police_passport-apps-abhishek%20-%20Copy/cordapp/build/tmp/generated-test-cordapps/com.pcc-54fd3aff-b189-4fdb-b137-b739787069b9.jar {}
[INFO ] 06:43:46,103 [Test worker] (CordappLoader.kt:270) cordapp.CordappLoader.scanCordapp - Scanning CorDapp in file:/C:/Users/amrithak/Desktop/r3corda_police_passport-apps-abhishek%20-%20Copy/cordapp-contracts-states/build/libs/cordapp-contracts-states-0.1.jar {}
[INFO ] 06:43:46,148 [Test worker] (CordappLoader.kt:270) cordapp.CordappLoader.scanCordapp - Scanning CorDapp in file:/C:/Users/amrithak/Desktop/r3corda_police_passport-apps-abhishek%20-%20Copy/cordapp/build/tmp/generated-test-cordapps/com.pcc.flows-5223830c-baba-483e-b745-2371affa709c.jar {}
[INFO ] 06:43:46,176 [Test worker] (AbstractNode.kt:768) internal.InternalMockNetwork$MockNode.obtainIdentity - identity-private-key not found in key store /nodes/3/certificates/nodekeystore.jks, generating fresh key! {}
[INFO ] 06:43:46,192 [Test worker] (NetworkParametersReader.kt:57) internal.NetworkParametersReader.retrieveNetworkParameters - Loaded network parameters: NetworkParameters(minimumPlatformVersion=1, notaries=[NotaryInfo(identity=O=Notary Service, L=Zurich, C=CH, validating=true)], maxMessageSize=10485760, maxTransactionSize=10485760, modifiedTime=2020-03-23T01:13:26.074Z, epoch=1, whitelistedContractImplementations={}) {}
[INFO ] 06:43:46,192 [Test worker] (HikariDataSource.java:70) hikari.HikariDataSource.<init> - HikariPool-4 - Started. {}
[INFO ] 06:43:46,192 [Test worker] (AbstractNode.kt:863) internal.InternalMockNetwork$MockNode.invoke - Connected to H2 database. {}
[INFO ] 06:43:46,192 [Test worker] (HibernateConfiguration.kt:39) persistence.HibernateConfiguration.<init> - Init HibernateConfiguration for schemas: [CommonSchemaV1(name=net.corda.core.schemas.CommonSchema, version=1), VaultSchemaV1(name=net.corda.node.services.vault.VaultSchema, version=1), NodeInfoSchemaV1(name=net.corda.node.internal.schemas.NodeInfoSchema, version=1), NodeCoreV1(name=net.corda.node.services.schema.NodeSchemaService$NodeCore, version=1)] {}
[INFO ] 06:43:46,192 [Test worker] (HibernateConfiguration.kt:47) persistence.HibernateConfiguration.makeSessionFactoryForSchemas - Creating session factory for schemas: [CommonSchemaV1(name=net.corda.core.schemas.CommonSchema, version=1), VaultSchemaV1(name=net.corda.node.services.vault.VaultSchema, version=1), NodeInfoSchemaV1(name=net.corda.node.internal.schemas.NodeInfoSchema, version=1), NodeCoreV1(name=net.corda.node.services.schema.NodeSchemaService$NodeCore, version=1)] {}
[INFO ] 06:43:46,207 [Test worker] (ConnectionProviderInitiator.java:122) internal.ConnectionProviderInitiator.initiateService - HHH000130: Instantiating explicit connection provider: net.corda.nodeapi.internal.persistence.HibernateConfiguration$NodeDatabaseConnectionProvider {}
[INFO ] 06:43:46,207 [Test worker] (Dialect.java:157) dialect.Dialect.<init> - HHH000400: Using dialect: org.hibernate.dialect.H2Dialect {}
[INFO ] 06:43:46,207 [Test worker] (BasicTypeRegistry.java:148) type.BasicTypeRegistry.register - HHH000270: Type registration [materialized_blob] overrides previous : org.hibernate.type.MaterializedBlobType@76601565 {}
[INFO ] 06:43:46,270 [Test worker] (DdlTransactionIsolatorNonJtaImpl.java:47) connections.access.getIsolatedConnection - HHH10001501: Connection obtained from JdbcConnectionAccess [org.hibernate.engine.jdbc.env.internal.JdbcEnvironmentInitiator$ConnectionProviderJdbcConnectionAccess@3bf01e6d] for (non-JTA) DDL execution was not in auto-commit mode; the Connection 'local transaction' will be committed and the Connection will be set into auto-commit mode. {}
[INFO ] 06:43:46,301 [Test worker] (HibernateConfiguration.kt:64) persistence.HibernateConfiguration.makeSessionFactoryForSchemas - Created session factory for schemas: [CommonSchemaV1(name=net.corda.core.schemas.CommonSchema, version=1), VaultSchemaV1(name=net.corda.node.services.vault.VaultSchema, version=1), NodeInfoSchemaV1(name=net.corda.node.internal.schemas.NodeInfoSchema, version=1), NodeCoreV1(name=net.corda.node.services.schema.NodeSchemaService$NodeCore, version=1)] {}
[INFO ] 06:43:46,301 [Test worker] (QueryTranslatorFactoryInitiator.java:47) internal.QueryTranslatorFactoryInitiator.initiateService - HHH000397: Using ASTQueryTranslatorFactory {}
[INFO ] 06:43:46,301 [Test worker] (AbstractNode.kt:331) internal.InternalMockNetwork$MockNode.updateNodeInfo - Node-info has changed so submitting update. Old node-info was null {}
[INFO ] 06:43:46,301 [Test worker] (PersistentNetworkMapCache.kt:191) network.PersistentNetworkMapCache.addNode - Adding node with info: NodeInfo(addresses=[mock.node:1000], legalIdentitiesAndCerts=[O=Mock Company 3, L=London, C=GB], platformVersion=1, serial=1584926026301) {}
[INFO ] 06:43:46,319 [Test worker] (PersistentNetworkMapCache.kt:195) network.PersistentNetworkMapCache.addNode - No previous node found {}
[INFO ] 06:43:46,319 [Test worker] (PersistentNetworkMapCache.kt:215) network.PersistentNetworkMapCache.addNode - Done adding node with info: NodeInfo(addresses=[mock.node:1000], legalIdentitiesAndCerts=[O=Mock Company 3, L=London, C=GB], platformVersion=1, serial=1584926026301) {}
[INFO ] 06:43:46,319 [Test worker] (AbstractNode.kt:334) internal.InternalMockNetwork$MockNode.updateNodeInfo - New node-info: NodeInfo(addresses=[mock.node:1000], legalIdentitiesAndCerts=[O=Mock Company 3, L=London, C=GB], platformVersion=1, serial=1584926026301) {}
[INFO ] 06:43:46,477 [Test worker] (NodeAttachmentService.kt:297) persistence.NodeAttachmentService.invoke - Stored new attachment 2C5AE11966144C6D3D77F9B8823762D88BE591F5C228BC8002B82CD254917419 {}
[WARN ] 06:43:46,493 [Test worker] (CordappProviderImpl.kt:40) cordapp.CordappProviderImpl.verifyInstalledCordapps - The network parameters don't specify any whitelisted contract implementations. Please contact your zone operator. See https://docs.corda.net/network-map.html {}
[WARN ] 06:43:46,508 [Test worker] (AppendOnlyPersistentMap.kt:79) utilities.AppendOnlyPersistentMapBase.set - Double insert in net.corda.node.utilities.AppendOnlyPersistentMap for entity class class net.corda.node.services.identity.PersistentIdentityService$PersistentIdentity key 8A35F3B37FC93C1824C3A43C6C71635AEB31815C584583F95A70091B9CC45A29, not inserting the second time {}
[INFO ] 06:43:46,525 [Test worker] (PersistentNetworkMapCache.kt:191) network.PersistentNetworkMapCache.addNode - Adding node with info: NodeInfo(addresses=[mock.node:1000], legalIdentitiesAndCerts=[O=Notary Service, L=Zurich, C=CH], platformVersion=1, serial=1584926023295) {}
[INFO ] 06:43:46,525 [Test worker] (PersistentNetworkMapCache.kt:195) network.PersistentNetworkMapCache.addNode - No previous node found {}
[INFO ] 06:43:46,525 [Test worker] (PersistentNetworkMapCache.kt:215) network.PersistentNetworkMapCache.addNode - Done adding node with info: NodeInfo(addresses=[mock.node:1000], legalIdentitiesAndCerts=[O=Notary Service, L=Zurich, C=CH], platformVersion=1, serial=1584926023295) {}
[INFO ] 06:43:46,525 [Test worker] (PersistentNetworkMapCache.kt:191) network.PersistentNetworkMapCache.addNode - Adding node with info: NodeInfo(addresses=[mock.node:1000], legalIdentitiesAndCerts=[O=Mock Company 3, L=London, C=GB], platformVersion=1, serial=1584926026301) {}
[INFO ] 06:43:46,525 [Test worker] (PersistentNetworkMapCache.kt:195) network.PersistentNetworkMapCache.addNode - No previous node found {}
[INFO ] 06:43:46,541 [Test worker] (PersistentNetworkMapCache.kt:215) network.PersistentNetworkMapCache.addNode - Done adding node with info: NodeInfo(addresses=[mock.node:1000], legalIdentitiesAndCerts=[O=Mock Company 3, L=London, C=GB], platformVersion=1, serial=1584926026301) {}
[INFO ] 06:43:46,541 [Test worker] (PersistentNetworkMapCache.kt:191) network.PersistentNetworkMapCache.addNode - Adding node with info: NodeInfo(addresses=[mock.node:1000], legalIdentitiesAndCerts=[O=Mock Company 1, L=London, C=GB], platformVersion=1, serial=1584926024956) {}
[INFO ] 06:43:46,541 [Test worker] (PersistentNetworkMapCache.kt:195) network.PersistentNetworkMapCache.addNode - No previous node found {}
[INFO ] 06:43:46,556 [Test worker] (PersistentNetworkMapCache.kt:215) network.PersistentNetworkMapCache.addNode - Done adding node with info: NodeInfo(addresses=[mock.node:1000], legalIdentitiesAndCerts=[O=Mock Company 1, L=London, C=GB], platformVersion=1, serial=1584926024956) {}
[INFO ] 06:43:46,556 [Test worker] (PersistentNetworkMapCache.kt:191) network.PersistentNetworkMapCache.addNode - Adding node with info: NodeInfo(addresses=[mock.node:1000], legalIdentitiesAndCerts=[O=Mock Company 3, L=London, C=GB], platformVersion=1, serial=1584926026301) {}
[INFO ] 06:43:46,556 [Test worker] (PersistentNetworkMapCache.kt:195) network.PersistentNetworkMapCache.addNode - No previous node found {}
[INFO ] 06:43:46,572 [Test worker] (PersistentNetworkMapCache.kt:215) network.PersistentNetworkMapCache.addNode - Done adding node with info: NodeInfo(addresses=[mock.node:1000], legalIdentitiesAndCerts=[O=Mock Company 3, L=London, C=GB], platformVersion=1, serial=1584926026301) {}
[INFO ] 06:43:46,572 [Test worker] (PersistentNetworkMapCache.kt:191) network.PersistentNetworkMapCache.addNode - Adding node with info: NodeInfo(addresses=[mock.node:1000], legalIdentitiesAndCerts=[O=Mock Company 2, L=London, C=GB], platformVersion=1, serial=1584926025669) {}
[INFO ] 06:43:46,572 [Test worker] (PersistentNetworkMapCache.kt:195) network.PersistentNetworkMapCache.addNode - No previous node found {}
[INFO ] 06:43:46,572 [Test worker] (PersistentNetworkMapCache.kt:215) network.PersistentNetworkMapCache.addNode - Done adding node with info: NodeInfo(addresses=[mock.node:1000], legalIdentitiesAndCerts=[O=Mock Company 2, L=London, C=GB], platformVersion=1, serial=1584926025669) {}
[INFO ] 06:43:46,572 [Test worker] (PersistentNetworkMapCache.kt:191) network.PersistentNetworkMapCache.addNode - Adding node with info: NodeInfo(addresses=[mock.node:1000], legalIdentitiesAndCerts=[O=Mock Company 3, L=London, C=GB], platformVersion=1, serial=1584926026301) {}
[INFO ] 06:43:46,588 [Test worker] (PersistentNetworkMapCache.kt:195) network.PersistentNetworkMapCache.addNode - No previous node found {}
[INFO ] 06:43:46,588 [Test worker] (PersistentNetworkMapCache.kt:215) network.PersistentNetworkMapCache.addNode - Done adding node with info: NodeInfo(addresses=[mock.node:1000], legalIdentitiesAndCerts=[O=Mock Company 3, L=London, C=GB], platformVersion=1, serial=1584926026301) {}
[INFO ] 06:43:46,588 [Test worker] (PersistentNetworkMapCache.kt:191) network.PersistentNetworkMapCache.addNode - Adding node with info: NodeInfo(addresses=[mock.node:1000], legalIdentitiesAndCerts=[O=Mock Company 3, L=London, C=GB], platformVersion=1, serial=1584926026301) {}
[INFO ] 06:43:46,603 [Test worker] (PersistentNetworkMapCache.kt:210) network.PersistentNetworkMapCache.addNode - Previous node was identical to incoming one - doing nothing {}
[INFO ] 06:43:46,603 [Test worker] (PersistentNetworkMapCache.kt:215) network.PersistentNetworkMapCache.addNode - Done adding node with info: NodeInfo(addresses=[mock.node:1000], legalIdentitiesAndCerts=[O=Mock Company 3, L=London, C=GB], platformVersion=1, serial=1584926026301) {}
[INFO ] 06:43:46,603 [Test worker] (PersistentNetworkMapCache.kt:191) network.PersistentNetworkMapCache.addNode - Adding node with info: NodeInfo(addresses=[mock.node:1000], legalIdentitiesAndCerts=[O=Mock Company 3, L=London, C=GB], platformVersion=1, serial=1584926026301) {}
[INFO ] 06:43:46,603 [Test worker] (PersistentNetworkMapCache.kt:210) network.PersistentNetworkMapCache.addNode - Previous node was identical to incoming one - doing nothing {}
[INFO ] 06:43:46,603 [Test worker] (PersistentNetworkMapCache.kt:215) network.PersistentNetworkMapCache.addNode - Done adding node with info: NodeInfo(addresses=[mock.node:1000], legalIdentitiesAndCerts=[O=Mock Company 3, L=London, C=GB], platformVersion=1, serial=1584926026301) {}
[...]
[INFO ] 06:43:57,636 [Test worker] (PersistentNetworkMapCache.kt:195) network.PersistentNetworkMapCache.addNode - No previous node found {}
[INFO ] 06:43:57,652 [Test worker] (PersistentNetworkMapCache.kt:215) network.PersistentNetworkMapCache.addNode - Done adding node with info: NodeInfo(addresses=[mock.node:1000], legalIdentitiesAndCerts=[O=Mock Company 3, L=London, C=GB], platformVersion=1, serial=1584926037416) {}
[INFO ] 06:43:57,652 [Test worker] (PersistentNetworkMapCache.kt:191) network.PersistentNetworkMapCache.addNode - Adding node with info: NodeInfo(addresses=[mock.node:1000], legalIdentitiesAndCerts=[O=Mock Company 3, L=London, C=GB], platformVersion=1, serial=1584926037416) {}
[INFO ] 06:43:57,652 [Test worker] (PersistentNetworkMapCache.kt:210) network.PersistentNetworkMapCache.addNode - Previous node was identical to incoming one - doing nothing {}
[INFO ] 06:43:57,652 [Test worker] (PersistentNetworkMapCache.kt:215) network.PersistentNetworkMapCache.addNode - Done adding node with info: NodeInfo(addresses=[mock.node:1000], legalIdentitiesAndCerts=[O=Mock Company 3, L=London, C=GB], platformVersion=1, serial=1584926037416) {}
[INFO ] 06:43:57,652 [Test worker] (PersistentNetworkMapCache.kt:191) network.PersistentNetworkMapCache.addNode - Adding node with info: NodeInfo(addresses=[mock.node:1000], legalIdentitiesAndCerts=[O=Mock Company 3, L=London, C=GB], platformVersion=1, serial=1584926037416) {}
[INFO ] 06:43:57,652 [Test worker] (PersistentNetworkMapCache.kt:210) network.PersistentNetworkMapCache.addNode - Previous node was identical to incoming one - doing nothing {}
[INFO ] 06:43:57,652 [Test worker] (PersistentNetworkMapCache.kt:215) network.PersistentNetworkMapCache.addNode - Done adding node with info: NodeInfo(addresses=[mock.node:1000], legalIdentitiesAndCerts=[O=Mock Company 3, L=London, C=GB], platformVersion=1, serial=1584926037416) {}
[INFO ] 06:43:57,652 [Test worker] (CordappLoader.kt:53) cordapp.CordappLoader.<init> - Loading CorDapps from file:/C:/Users/amrithak/Desktop/r3corda_police_passport-apps-abhishek%20-%20Copy/cordapp/build/tmp/generated-test-cordapps/com.pcc-75eee709-d917-4536-9375-8beb460d6bc0.jar, file:/C:/Users/amrithak/Desktop/r3corda_police_passport-apps-abhishek%20-%20Copy/cordapp/build/tmp/generated-test-cordapps/com.pcc-54fd3aff-b189-4fdb-b137-b739787069b9.jar, file:/C:/Users/amrithak/Desktop/r3corda_police_passport-apps-abhishek%20-%20Copy/cordapp-contracts-states/build/libs/cordapp-contracts-states-0.1.jar, file:/C:/Users/amrithak/Desktop/r3corda_police_passport-apps-abhishek%20-%20Copy/cordapp/build/tmp/generated-test-cordapps/com.pcc.flows-5223830c-baba-483e-b745-2371affa709c.jar {}
[INFO ] 06:43:57,652 [Test worker] (AbstractNode.kt:194) internal.InternalMockNetwork$MockNode.start - Node starting up ... {}
[WARN ] 06:43:57,652 [Test worker] (AbstractNode.kt:169) internal.InternalMockNetwork$MockNode.initCertificate - Corda node is running in dev mode. {}
[INFO ] 06:43:57,668 [Test worker] (CordappLoader.kt:270) cordapp.CordappLoader.scanCordapp - Scanning CorDapp in file:/C:/Users/amrithak/Desktop/r3corda_police_passport-apps-abhishek%20-%20Copy/cordapp/build/tmp/generated-test-cordapps/com.pcc-75eee709-d917-4536-9375-8beb460d6bc0.jar {}
[INFO ] 06:43:57,696 [Test worker] (CordappLoader.kt:270) cordapp.CordappLoader.scanCordapp - Scanning CorDapp in file:/C:/Users/amrithak/Desktop/r3corda_police_passport-apps-abhishek%20-%20Copy/cordapp/build/tmp/generated-test-cordapps/com.pcc-54fd3aff-b189-4fdb-b137-b739787069b9.jar {}
[INFO ] 06:43:57,718 [Test worker] (CordappLoader.kt:270) cordapp.CordappLoader.scanCordapp - Scanning CorDapp in file:/C:/Users/amrithak/Desktop/r3corda_police_passport-apps-abhishek%20-%20Copy/cordapp-contracts-states/build/libs/cordapp-contracts-states-0.1.jar {}
[INFO ] 06:43:57,745 [Test worker] (CordappLoader.kt:270) cordapp.CordappLoader.scanCordapp - Scanning CorDapp in file:/C:/Users/amrithak/Desktop/r3corda_police_passport-apps-abhishek%20-%20Copy/cordapp/build/tmp/generated-test-cordapps/com.pcc.flows-5223830c-baba-483e-b745-2371affa709c.jar {}
[INFO ] 06:43:57,771 [Test worker] (AbstractNode.kt:768) internal.InternalMockNetwork$MockNode.obtainIdentity - identity-private-key not found in key store /nodes/4/certificates/nodekeystore.jks, generating fresh key! {}
[INFO ] 06:43:57,771 [Test worker] (NetworkParametersReader.kt:57) internal.NetworkParametersReader.retrieveNetworkParameters - Loaded network parameters: NetworkParameters(minimumPlatformVersion=1, notaries=[NotaryInfo(identity=O=Notary Service, L=Zurich, C=CH, validating=true)], maxMessageSize=10485760, maxTransactionSize=10485760, modifiedTime=2020-03-23T01:13:55.811Z, epoch=1, whitelistedContractImplementations={}) {}
[INFO ] 06:43:57,771 [Test worker] (HikariDataSource.java:70) hikari.HikariDataSource.<init> - HikariPool-25 - Started. {}
[INFO ] 06:43:57,771 [Test worker] (AbstractNode.kt:863) internal.InternalMockNetwork$MockNode.invoke - Connected to H2 database. {}
[INFO ] 06:43:57,771 [Test worker] (HibernateConfiguration.kt:39) persistence.HibernateConfiguration.<init> - Init HibernateConfiguration for schemas: [CommonSchemaV1(name=net.corda.core.schemas.CommonSchema, version=1), VaultSchemaV1(name=net.corda.node.services.vault.VaultSchema, version=1), NodeInfoSchemaV1(name=net.corda.node.internal.schemas.NodeInfoSchema, version=1), NodeCoreV1(name=net.corda.node.services.schema.NodeSchemaService$NodeCore, version=1)] {}
[INFO ] 06:43:57,771 [Test worker] (HibernateConfiguration.kt:47) persistence.HibernateConfiguration.makeSessionFactoryForSchemas - Creating session factory for schemas: [CommonSchemaV1(name=net.corda.core.schemas.CommonSchema, version=1), VaultSchemaV1(name=net.corda.node.services.vault.VaultSchema, version=1), NodeInfoSchemaV1(name=net.corda.node.internal.schemas.NodeInfoSchema, version=1), NodeCoreV1(name=net.corda.node.services.schema.NodeSchemaService$NodeCore, version=1)] {}
[INFO ] 06:43:57,787 [Test worker] (ConnectionProviderInitiator.java:122) internal.ConnectionProviderInitiator.initiateService - HHH000130: Instantiating explicit connection provider: net.corda.nodeapi.internal.persistence.HibernateConfiguration$NodeDatabaseConnectionProvider {}
[INFO ] 06:43:57,787 [Test worker] (Dialect.java:157) dialect.Dialect.<init> - HHH000400: Using dialect: org.hibernate.dialect.H2Dialect {}
[INFO ] 06:43:57,787 [Test worker] (BasicTypeRegistry.java:148) type.BasicTypeRegistry.register - HHH000270: Type registration [materialized_blob] overrides previous : org.hibernate.type.MaterializedBlobType@76601565 {}
[INFO ] 06:43:57,802 [Test worker] (DdlTransactionIsolatorNonJtaImpl.java:47) connections.access.getIsolatedConnection - HHH10001501: Connection obtained from JdbcConnectionAccess [org.hibernate.engine.jdbc.env.internal.JdbcEnvironmentInitiator$ConnectionProviderJdbcConnectionAccess@2ecb5517] for (non-JTA) DDL execution was not in auto-commit mode; the Connection 'local transaction' will be committed and the Connection will be set into auto-commit mode. {}
[INFO ] 06:43:57,818 [Test worker] (HibernateConfiguration.kt:64) persistence.HibernateConfiguration.makeSessionFactoryForSchemas - Created session factory for schemas: [CommonSchemaV1(name=net.corda.core.schemas.CommonSchema, version=1), VaultSchemaV1(name=net.corda.node.services.vault.VaultSchema, version=1), NodeInfoSchemaV1(name=net.corda.node.internal.schemas.NodeInfoSchema, version=1), NodeCoreV1(name=net.corda.node.services.schema.NodeSchemaService$NodeCore, version=1)] {}
[INFO ] 06:43:57,818 [Test worker] (QueryTranslatorFactoryInitiator.java:47) internal.QueryTranslatorFactoryInitiator.initiateService - HHH000397: Using ASTQueryTranslatorFactory {}
[INFO ] 06:43:57,834 [Test worker] (AbstractNode.kt:331) internal.InternalMockNetwork$MockNode.updateNodeInfo - Node-info has changed so submitting update. Old node-info was null {}
[INFO ] 06:43:57,834 [Test worker] (PersistentNetworkMapCache.kt:191) network.PersistentNetworkMapCache.addNode - Adding node with info: NodeInfo(addresses=[mock.node:1000], legalIdentitiesAndCerts=[O=Mock Company 4, L=London, C=GB], platformVersion=1, serial=1584926037834) {}
[INFO ] 06:43:57,834 [Test worker] (PersistentNetworkMapCache.kt:195) network.PersistentNetworkMapCache.addNode - No previous node found {}
[INFO ] 06:43:57,834 [Test worker] (PersistentNetworkMapCache.kt:215) network.PersistentNetworkMapCache.addNode - Done adding node with info: NodeInfo(addresses=[mock.node:1000], legalIdentitiesAndCerts=[O=Mock Company 4, L=London, C=GB], platformVersion=1, serial=1584926037834) {}
[INFO ] 06:43:57,834 [Test worker] (AbstractNode.kt:334) internal.InternalMockNetwork$MockNode.updateNodeInfo - New node-info: NodeInfo(addresses=[mock.node:1000], legalIdentitiesAndCerts=[O=Mock Company 4, L=London, C=GB], platformVersion=1, serial=1584926037834) {}
[INFO ] 06:43:57,974 [Test worker] (NodeAttachmentService.kt:297) persistence.NodeAttachmentService.invoke - Stored new attachment 2C5AE11966144C6D3D77F9B8823762D88BE591F5C228BC8002B82CD254917419 {}
[WARN ] 06:43:57,989 [Test worker] (CordappProviderImpl.kt:40) cordapp.CordappProviderImpl.verifyInstalledCordapps - The network parameters don't specify any whitelisted contract implementations. Please contact your zone operator. See https://docs.corda.net/network-map.html {}
[WARN ] 06:43:58,005 [Test worker] (AppendOnlyPersistentMap.kt:79) utilities.AppendOnlyPersistentMapBase.set - Double insert in net.corda.node.utilities.AppendOnlyPersistentMap for entity class class net.corda.node.services.identity.PersistentIdentityService$PersistentIdentity key 3353270D6E13BE551B045281D30BD2B64B461DB83F859D30375E33E2A45C8F2F, not inserting the second time {}
[INFO ] 06:43:58,005 [Test worker] (PersistentNetworkMapCache.kt:191) network.PersistentNetworkMapCache.addNode - Adding node with info: NodeInfo(addresses=[mock.node:1000], legalIdentitiesAndCerts=[O=Notary Service, L=Zurich, C=CH], platformVersion=1, serial=1584926036089) {}
[INFO ] 06:43:58,005 [Test worker] (PersistentNetworkMapCache.kt:195) network.PersistentNetworkMapCache.addNode - No previous node found {}
[INFO ] 06:43:58,005 [Test worker] (PersistentNetworkMapCache.kt:215) network.PersistentNetworkMapCache.addNode - Done adding node with info: NodeInfo(addresses=[mock.node:1000], legalIdentitiesAndCerts=[O=Notary Service, L=Zurich, C=CH], platformVersion=1, serial=1584926036089) {}
[INFO ] 06:43:58,005 [Test worker] (PersistentNetworkMapCache.kt:191) network.PersistentNetworkMapCache.addNode - Adding node with info: NodeInfo(addresses=[mock.node:1000], legalIdentitiesAndCerts=[O=Mock Company 4, L=London, C=GB], platformVersion=1, serial=1584926037834) {}
[INFO ] 06:43:58,005 [Test worker] (PersistentNetworkMapCache.kt:195) network.PersistentNetworkMapCache.addNode - No previous node found {}
[INFO ] 06:43:58,005 [Test worker] (PersistentNetworkMapCache.kt:215) network.PersistentNetworkMapCache.addNode - Done adding node with info: NodeInfo(addresses=[mock.node:1000], legalIdentitiesAndCerts=[O=Mock Company 4, L=London, C=GB], platformVersion=1, serial=1584926037834) {}
[INFO ] 06:43:58,005 [Test worker] (PersistentNetworkMapCache.kt:191) network.PersistentNetworkMapCache.addNode - Adding node with info: NodeInfo(addresses=[mock.node:1000], legalIdentitiesAndCerts=[O=Mock Company 1, L=London, C=GB], platformVersion=1, serial=1584926036530) {}
[INFO ] 06:43:58,021 [Test worker] (PersistentNetworkMapCache.kt:195) network.PersistentNetworkMapCache.addNode - No previous node found {}
[INFO ] 06:43:58,021 [Test worker] (PersistentNetworkMapCache.kt:215) network.PersistentNetworkMapCache.addNode - Done adding node with info: NodeInfo(addresses=[mock.node:1000], legalIdentitiesAndCerts=[O=Mock Company 1, L=London, C=GB], platformVersion=1, serial=1584926036530) {}
[INFO ] 06:43:58,021 [Test worker] (PersistentNetworkMapCache.kt:191) network.PersistentNetworkMapCache.addNode - Adding node with info: NodeInfo(addresses=[mock.node:1000], legalIdentitiesAndCerts=[O=Mock Company 4, L=London, C=GB], platformVersion=1, serial=1584926037834) {}
[INFO ] 06:43:58,021 [Test worker] (PersistentNetworkMapCache.kt:195) network.PersistentNetworkMapCache.addNode - No previous node found {}
[INFO ] 06:43:58,021 [Test worker] (PersistentNetworkMapCache.kt:215) network.PersistentNetworkMapCache.addNode - Done adding node with info: NodeInfo(addresses=[mock.node:1000], legalIdentitiesAndCerts=[O=Mock Company 4, L=London, C=GB], platformVersion=1, serial=1584926037834) {}
[INFO ] 06:43:58,021 [Test worker] (PersistentNetworkMapCache.kt:191) network.PersistentNetworkMapCache.addNode - Adding node with info: NodeInfo(addresses=[mock.node:1000], legalIdentitiesAndCerts=[O=Mock Company 2, L=London, C=GB], platformVersion=1, serial=1584926036983) {}
[INFO ] 06:43:58,021 [Test worker] (PersistentNetworkMapCache.kt:195) network.PersistentNetworkMapCache.addNode - No previous node found {}
[INFO ] 06:43:58,021 [Test worker] (PersistentNetworkMapCache.kt:215) network.PersistentNetworkMapCache.addNode - Done adding node with info: NodeInfo(addresses=[mock.node:1000], legalIdentitiesAndCerts=[O=Mock Company 2, L=London, C=GB], platformVersion=1, serial=1584926036983) {}
[INFO ] 06:43:58,021 [Test worker] (PersistentNetworkMapCache.kt:191) network.PersistentNetworkMapCache.addNode - Adding node with info: NodeInfo(addresses=[mock.node:1000], legalIdentitiesAndCerts=[O=Mock Company 4, L=London, C=GB], platformVersion=1, serial=1584926037834) {}
[INFO ] 06:43:58,036 [Test worker] (PersistentNetworkMapCache.kt:195) network.PersistentNetworkMapCache.addNode - No previous node found {}
[INFO ] 06:43:58,036 [Test worker] (PersistentNetworkMapCache.kt:215) network.PersistentNetworkMapCache.addNode - Done adding node with info: NodeInfo(addresses=[mock.node:1000], legalIdentitiesAndCerts=[O=Mock Company 4, L=London, C=GB], platformVersion=1, serial=1584926037834) {}
[INFO ] 06:43:58,036 [Test worker] (PersistentNetworkMapCache.kt:191) network.PersistentNetworkMapCache.addNode - Adding node with info: NodeInfo(addresses=[mock.node:1000], legalIdentitiesAndCerts=[O=Mock Company 3, L=London, C=GB], platformVersion=1, serial=1584926037416) {}
[INFO ] 06:43:58,036 [Test worker] (PersistentNetworkMapCache.kt:195) network.PersistentNetworkMapCache.addNode - No previous node found {}
[INFO ] 06:43:58,036 [Test worker] (PersistentNetworkMapCache.kt:215) network.PersistentNetworkMapCache.addNode - Done adding node with info: NodeInfo(addresses=[mock.node:1000], legalIdentitiesAndCerts=[O=Mock Company 3, L=London, C=GB], platformVersion=1, serial=1584926037416) {}
[INFO ] 06:43:58,036 [Test worker] (PersistentNetworkMapCache.kt:191) network.PersistentNetworkMapCache.addNode - Adding node with info: NodeInfo(addresses=[mock.node:1000], legalIdentitiesAndCerts=[O=Mock Company 4, L=London, C=GB], platformVersion=1, serial=1584926037834) {}
[INFO ] 06:43:58,036 [Test worker] (PersistentNetworkMapCache.kt:195) network.PersistentNetworkMapCache.addNode - No previous node found {}
[INFO ] 06:43:58,036 [Test worker] (PersistentNetworkMapCache.kt:215) network.PersistentNetworkMapCache.addNode - Done adding node with info: NodeInfo(addresses=[mock.node:1000], legalIdentitiesAndCerts=[O=Mock Company 4, L=London, C=GB], platformVersion=1, serial=1584926037834) {}
[INFO ] 06:43:58,036 [Test worker] (PersistentNetworkMapCache.kt:191) network.PersistentNetworkMapCache.addNode - Adding node with info: NodeInfo(addresses=[mock.node:1000], legalIdentitiesAndCerts=[O=Mock Company 4, L=London, C=GB], platformVersion=1, serial=1584926037834) {}
[INFO ] 06:43:58,052 [Test worker] (PersistentNetworkMapCache.kt:210) network.PersistentNetworkMapCache.addNode - Previous node was identical to incoming one - doing nothing {}
[INFO ] 06:43:58,052 [Test worker] (PersistentNetworkMapCache.kt:215) network.PersistentNetworkMapCache.addNode - Done adding node with info: NodeInfo(addresses=[mock.node:1000], legalIdentitiesAndCerts=[O=Mock Company 4, L=London, C=GB], platformVersion=1, serial=1584926037834) {}
[INFO ] 06:43:58,052 [Test worker] (PersistentNetworkMapCache.kt:191) network.PersistentNetworkMapCache.addNode - Adding node with info: NodeInfo(addresses=[mock.node:1000], legalIdentitiesAndCerts=[O=Mock Company 4, L=London, C=GB], platformVersion=1, serial=1584926037834) {}
[INFO ] 06:43:58,052 [Test worker] (PersistentNetworkMapCache.kt:210) network.PersistentNetworkMapCache.addNode - Previous node was identical to incoming one - doing nothing {}
[INFO ] 06:43:58,052 [Test worker] (PersistentNetworkMapCache.kt:215) network.PersistentNetworkMapCache.addNode - Done adding node with info: NodeInfo(addresses=[mock.node:1000], legalIdentitiesAndCerts=[O=Mock Company 4, L=London, C=GB], platformVersion=1, serial=1584926037834) {}
[WARN ] 06:43:58,068 [Mock network] (FlowStateMachineImpl.kt:111) flow.[1dad44ae-d73a-4278-ac2c-7104136e29c4].run - Terminated by unexpected exception {}
java.lang.NullPointerException: null
	at com.pcc.flows.NOCApprovalFlow.call(NOCApprovalFlow.java:106) ~[main/:?]
	at com.pcc.flows.NOCApprovalFlow.call(NOCApprovalFlow.java:25) ~[main/:?]
	at net.corda.node.services.statemachine.FlowStateMachineImpl.run(FlowStateMachineImpl.kt:96) [corda-node-3.1-corda.jar:?]
	at net.corda.node.services.statemachine.FlowStateMachineImpl.run(FlowStateMachineImpl.kt:44) [corda-node-3.1-corda.jar:?]
	at co.paralleluniverse.fibers.Fiber.run1(Fiber.java:1092) [quasar-core-0.7.9-jdk8.jar:0.7.9]
	at co.paralleluniverse.fibers.Fiber.exec(Fiber.java:788) [quasar-core-0.7.9-jdk8.jar:0.7.9]
	at co.paralleluniverse.fibers.RunnableFiberTask.doExec(RunnableFiberTask.java:100) [quasar-core-0.7.9-jdk8.jar:0.7.9]
	at co.paralleluniverse.fibers.RunnableFiberTask.run(RunnableFiberTask.java:91) [quasar-core-0.7.9-jdk8.jar:0.7.9]
	at java.util.concurrent.Executors$RunnableAdapter.call(Executors.java:511) [?:1.8.0_221]
	at java.util.concurrent.FutureTask.run(FutureTask.java:266) [?:1.8.0_221]
	at java.util.concurrent.ScheduledThreadPoolExecutor$ScheduledFutureTask.access$201(ScheduledThreadPoolExecutor.java:180) [?:1.8.0_221]
	at java.util.concurrent.ScheduledThreadPoolExecutor$ScheduledFutureTask.run(ScheduledThreadPoolExecutor.java:293) [?:1.8.0_221]
	at java.util.concurrent.ThreadPoolExecutor.runWorker(ThreadPoolExecutor.java:1149) [?:1.8.0_221]
	at java.util.concurrent.ThreadPoolExecutor$Worker.run(ThreadPoolExecutor.java:624) [?:1.8.0_221]
	at net.corda.node.utilities.AffinityExecutor$ServiceAffinityExecutor$1$thread$1.run(AffinityExecutor.kt:62) [corda-node-3.1-corda.jar:?]
[INFO ] 06:43:58,068 [Test worker] (HikariPool.java:204) pool.HikariPool.shutdown - HikariPool-21 - Close initiated... {}
[INFO ] 06:43:58,068 [Test worker] (HikariPool.java:241) pool.HikariPool.shutdown - HikariPool-21 - Closed. {}
[INFO ] 06:43:58,083 [Test worker] (HikariPool.java:204) pool.HikariPool.shutdown - HikariPool-22 - Close initiated... {}
[INFO ] 06:43:58,099 [Test worker] (HikariPool.java:241) pool.HikariPool.shutdown - HikariPool-22 - Closed. {}
[INFO ] 06:43:58,099 [Test worker] (HikariPool.java:204) pool.HikariPool.shutdown - HikariPool-23 - Close initiated... {}
[INFO ] 06:43:58,099 [Test worker] (HikariPool.java:241) pool.HikariPool.shutdown - HikariPool-23 - Closed. {}
[INFO ] 06:43:58,099 [Test worker] (HikariPool.java:204) pool.HikariPool.shutdown - HikariPool-24 - Close initiated... {}
[INFO ] 06:43:58,099 [Test worker] (HikariPool.java:241) pool.HikariPool.shutdown - HikariPool-24 - Closed. {}
[INFO ] 06:43:58,099 [Test worker] (HikariPool.java:204) pool.HikariPool.shutdown - HikariPool-25 - Close initiated... {}
[INFO ] 06:43:58,099 [Test worker] (HikariPool.java:241) pool.HikariPool.shutdown - HikariPool-25 - Closed. {}
]]></system-out>
  <system-err><![CDATA[QUASAR WARNING: Assertions enabled. This may harm performance.
QUASAR WARNING: Fibers are set to verify instrumentation. This may *severely* harm performance.
]]></system-err>
</testsuite>
